<?xml version="1.0" encoding="UTF-8"?>
<!-- Generated by org.testng.reporters.JUnitXMLReporter -->
<testsuite ignored="0" hostname="DESKTOP-PUERUUQ" failures="0" tests="11" name="edgeTest" time="247.937" errors="0" timestamp="2025-06-19T08:19:30 CDT">
  <testcase classname="testCases.TC04_AddToWishList" name="testAddToWishList" time="38.153"/>
  <testcase classname="testCases.TC06_PurchaseGiftCertificate" name="testPurchaseGiftCertificate" time="3.365"/>
  <testcase classname="testCases.TC03_AddToCart" name="testAddToCart" time="6.246"/>
  <testcase classname="testCases.TC05_CompletePurchase" name="testCompletePurchase" time="85.07"/>
  <testcase classname="testCases.TC01_LaunchApplication" name="testLaunchApplication" time="0.021"/>
  <testcase classname="testCases.TC02_Login" name="testLogin" time="3.75"/>
  <testcase classname="testCases.TC02_Login" name="testLogin" time="5.172"/>
  <testcase classname="testCases.TC02_Login" name="testLogin" time="3.568"/>
  <testcase classname="testCases.TC02_Login" name="testLogin" time="2.642"/>
  <testcase classname="testCases.TC02_Login" name="testLogin" time="2.908"/>
  <testcase classname="testCases.TC02_Login" name="testLogin" time="3.027"/>
</testsuite> <!-- edgeTest -->
