<?xml version="1.0" encoding="UTF-8"?>
<!-- Generated by org.testng.reporters.JUnitXMLReporter -->
<testsuite ignored="0" hostname="DESKTOP-PUERUUQ" failures="0" tests="3" name="chromeTest" time="0.955" errors="0" timestamp="2025-02-27T10:29:32 CST">
  <testcase classname="testCases.TC06_PurchaseGiftCertificate" name="testPurchaseGiftCertificate" time="0.217">
    <skipped/>
  </testcase> <!-- testPurchaseGiftCertificate -->
  <testcase classname="testCases.TC06_PurchaseGiftCertificate" name="testPurchaseGiftCertificate" time="0.003">
    <skipped/>
  </testcase> <!-- testPurchaseGiftCertificate -->
  <testcase classname="testCases.TC06_PurchaseGiftCertificate" name="testPurchaseGiftCertificate" time="0.004">
    <skipped/>
  </testcase> <!-- testPurchaseGiftCertificate -->
</testsuite> <!-- chromeTest -->
