<?xml version="1.0" encoding="UTF-8"?>
<!-- Generated by org.testng.reporters.JUnitXMLReporter -->
<testsuite ignored="0" hostname="DESKTOP-PUERUUQ" failures="0" tests="11" name="Test" time="129.27" errors="0" timestamp="2025-02-12T15:15:22 CST">
  <testcase classname="testCases.TC01_LaunchApplication" name="testLaunchApplication" time="0.255"/>
  <testcase classname="testCases.TC06_PurchaseGiftCertificate" name="testPurchaseGiftCertificate" time="2.834"/>
  <testcase classname="testCases.TC03_AddToCart" name="testAddToCart" time="4.02"/>
  <testcase classname="testCases.TC02_Login" name="testLogin" time="2.853"/>
  <testcase classname="testCases.TC02_Login" name="testLogin" time="2.566"/>
  <testcase classname="testCases.TC02_Login" name="testLogin" time="2.732"/>
  <testcase classname="testCases.TC02_Login" name="testLogin" time="2.534"/>
  <testcase classname="testCases.TC02_Login" name="testLogin" time="2.456"/>
  <testcase classname="testCases.TC02_Login" name="testLogin" time="2.488"/>
  <testcase classname="testCases.TC04_AddToWishList" name="testAddToWishList" time="10.734"/>
  <testcase classname="testCases.TC05_CompletePurchase" name="testCompletePurchase" time="24.912"/>
</testsuite> <!-- Test -->
