<?xml version="1.0" encoding="UTF-8"?>
<!-- Generated by org.testng.reporters.JUnitXMLReporter -->
<testsuite ignored="0" hostname="DESKTOP-PUERUUQ" failures="0" tests="11" name="chromeTest" time="456.771" errors="0" timestamp="2025-02-19T12:47:37 CST">
  <testcase classname="testCases.TC01_LaunchApplication" name="testLaunchApplication" time="0.036"/>
  <testcase classname="testCases.TC02_Login" name="testLogin" time="45.907"/>
  <testcase classname="testCases.TC02_Login" name="testLogin" time="5.028"/>
  <testcase classname="testCases.TC02_Login" name="testLogin" time="36.519"/>
  <testcase classname="testCases.TC02_Login" name="testLogin" time="5.914"/>
  <testcase classname="testCases.TC02_Login" name="testLogin" time="11.456"/>
  <testcase classname="testCases.TC02_Login" name="testLogin" time="2.591"/>
  <testcase classname="testCases.TC03_AddToCart" name="testAddToCart" time="15.815"/>
  <testcase classname="testCases.TC04_AddToWishList" name="testAddToWishList" time="79.01"/>
  <testcase classname="testCases.TC05_CompletePurchase" name="testCompletePurchase" time="91.149"/>
  <testcase classname="testCases.TC06_PurchaseGiftCertificate" name="testPurchaseGiftCertificate" time="9.699"/>
</testsuite> <!-- chromeTest -->
