<?xml version="1.0" encoding="UTF-8"?>
<testng-results ignored="0" total="33" passed="33" failed="0" skipped="0">
  <reporter-output>
  </reporter-output>
  <suite started-at="2025-06-23T12:56:32 CDT" name="Sequential Suite" finished-at="2025-06-23T13:23:47 CDT" duration-ms="1635621">
    <groups>
      <group name="datadriven">
        <method signature="TC02_Login.testLogin(java.lang.String,java.lang.String)[pri:0, instance:testCases.TC02_Login@72437d8d]" name="testLogin" class="testCases.TC02_Login"/>
        <method signature="TC02_Login.testLogin(java.lang.String,java.lang.String)[pri:0, instance:testCases.TC02_Login@388526fb]" name="testLogin" class="testCases.TC02_Login"/>
        <method signature="TC02_Login.testLogin(java.lang.String,java.lang.String)[pri:0, instance:testCases.TC02_Login@460ebd80]" name="testLogin" class="testCases.TC02_Login"/>
      </group> <!-- datadriven -->
      <group name="regression">
        <method signature="TC01_LaunchApplication.testLaunchApplication()[pri:0, instance:testCases.TC01_LaunchApplication@1c481ff2]" name="testLaunchApplication" class="testCases.TC01_LaunchApplication"/>
        <method signature="TC02_Login.testLogin(java.lang.String,java.lang.String)[pri:0, instance:testCases.TC02_Login@72437d8d]" name="testLogin" class="testCases.TC02_Login"/>
        <method signature="TC03_AddToCart.testAddToCart()[pri:0, instance:testCases.TC03_AddToCart@b7c4869]" name="testAddToCart" class="testCases.TC03_AddToCart"/>
        <method signature="TC04_AddToWishList.testAddToWishList()[pri:0, instance:testCases.TC04_AddToWishList@5460cf3a]" name="testAddToWishList" class="testCases.TC04_AddToWishList"/>
        <method signature="TC05_CompletePurchase.testCompletePurchase()[pri:0, instance:testCases.TC05_CompletePurchase@740d2e78]" name="testCompletePurchase" class="testCases.TC05_CompletePurchase"/>
        <method signature="TC06_PurchaseGiftCertificate.testPurchaseGiftCertificate()[pri:0, instance:testCases.TC06_PurchaseGiftCertificate@7e4204e2]" name="testPurchaseGiftCertificate" class="testCases.TC06_PurchaseGiftCertificate"/>
        <method signature="TC01_LaunchApplication.testLaunchApplication()[pri:0, instance:testCases.TC01_LaunchApplication@2dcd168a]" name="testLaunchApplication" class="testCases.TC01_LaunchApplication"/>
        <method signature="TC02_Login.testLogin(java.lang.String,java.lang.String)[pri:0, instance:testCases.TC02_Login@388526fb]" name="testLogin" class="testCases.TC02_Login"/>
        <method signature="TC03_AddToCart.testAddToCart()[pri:0, instance:testCases.TC03_AddToCart@2ea6e30c]" name="testAddToCart" class="testCases.TC03_AddToCart"/>
        <method signature="TC04_AddToWishList.testAddToWishList()[pri:0, instance:testCases.TC04_AddToWishList@3a5ecce3]" name="testAddToWishList" class="testCases.TC04_AddToWishList"/>
        <method signature="TC05_CompletePurchase.testCompletePurchase()[pri:0, instance:testCases.TC05_CompletePurchase@6138e79a]" name="testCompletePurchase" class="testCases.TC05_CompletePurchase"/>
        <method signature="TC06_PurchaseGiftCertificate.testPurchaseGiftCertificate()[pri:0, instance:testCases.TC06_PurchaseGiftCertificate@561868a0]" name="testPurchaseGiftCertificate" class="testCases.TC06_PurchaseGiftCertificate"/>
        <method signature="TC01_LaunchApplication.testLaunchApplication()[pri:0, instance:testCases.TC01_LaunchApplication@6436a7db]" name="testLaunchApplication" class="testCases.TC01_LaunchApplication"/>
        <method signature="TC02_Login.testLogin(java.lang.String,java.lang.String)[pri:0, instance:testCases.TC02_Login@460ebd80]" name="testLogin" class="testCases.TC02_Login"/>
        <method signature="TC03_AddToCart.testAddToCart()[pri:0, instance:testCases.TC03_AddToCart@531f4093]" name="testAddToCart" class="testCases.TC03_AddToCart"/>
        <method signature="TC04_AddToWishList.testAddToWishList()[pri:0, instance:testCases.TC04_AddToWishList@7803bfd]" name="testAddToWishList" class="testCases.TC04_AddToWishList"/>
        <method signature="TC05_CompletePurchase.testCompletePurchase()[pri:0, instance:testCases.TC05_CompletePurchase@62ef27a8]" name="testCompletePurchase" class="testCases.TC05_CompletePurchase"/>
        <method signature="TC06_PurchaseGiftCertificate.testPurchaseGiftCertificate()[pri:0, instance:testCases.TC06_PurchaseGiftCertificate@42bc14c1]" name="testPurchaseGiftCertificate" class="testCases.TC06_PurchaseGiftCertificate"/>
      </group> <!-- regression -->
      <group name="smoke">
        <method signature="TC01_LaunchApplication.testLaunchApplication()[pri:0, instance:testCases.TC01_LaunchApplication@1c481ff2]" name="testLaunchApplication" class="testCases.TC01_LaunchApplication"/>
        <method signature="TC02_Login.testLogin(java.lang.String,java.lang.String)[pri:0, instance:testCases.TC02_Login@72437d8d]" name="testLogin" class="testCases.TC02_Login"/>
        <method signature="TC03_AddToCart.testAddToCart()[pri:0, instance:testCases.TC03_AddToCart@b7c4869]" name="testAddToCart" class="testCases.TC03_AddToCart"/>
        <method signature="TC05_CompletePurchase.testCompletePurchase()[pri:0, instance:testCases.TC05_CompletePurchase@740d2e78]" name="testCompletePurchase" class="testCases.TC05_CompletePurchase"/>
        <method signature="TC01_LaunchApplication.testLaunchApplication()[pri:0, instance:testCases.TC01_LaunchApplication@2dcd168a]" name="testLaunchApplication" class="testCases.TC01_LaunchApplication"/>
        <method signature="TC02_Login.testLogin(java.lang.String,java.lang.String)[pri:0, instance:testCases.TC02_Login@388526fb]" name="testLogin" class="testCases.TC02_Login"/>
        <method signature="TC03_AddToCart.testAddToCart()[pri:0, instance:testCases.TC03_AddToCart@2ea6e30c]" name="testAddToCart" class="testCases.TC03_AddToCart"/>
        <method signature="TC05_CompletePurchase.testCompletePurchase()[pri:0, instance:testCases.TC05_CompletePurchase@6138e79a]" name="testCompletePurchase" class="testCases.TC05_CompletePurchase"/>
        <method signature="TC01_LaunchApplication.testLaunchApplication()[pri:0, instance:testCases.TC01_LaunchApplication@6436a7db]" name="testLaunchApplication" class="testCases.TC01_LaunchApplication"/>
        <method signature="TC02_Login.testLogin(java.lang.String,java.lang.String)[pri:0, instance:testCases.TC02_Login@460ebd80]" name="testLogin" class="testCases.TC02_Login"/>
        <method signature="TC03_AddToCart.testAddToCart()[pri:0, instance:testCases.TC03_AddToCart@531f4093]" name="testAddToCart" class="testCases.TC03_AddToCart"/>
        <method signature="TC05_CompletePurchase.testCompletePurchase()[pri:0, instance:testCases.TC05_CompletePurchase@62ef27a8]" name="testCompletePurchase" class="testCases.TC05_CompletePurchase"/>
      </group> <!-- smoke -->
    </groups>
    <test started-at="2025-06-23T12:56:32 CDT" name="chromeTest" finished-at="2025-06-23T13:03:47 CDT" duration-ms="435327">
      <class name="testCases.TC05_CompletePurchase">
        <test-method is-config="true" signature="openApp(java.lang.String,java.lang.String)[pri:0, instance:testCases.TC05_CompletePurchase@740d2e78]" started-at="2025-06-23T12:59:57 CDT" name="openApp" finished-at="2025-06-23T13:00:09 CDT" duration-ms="12377" status="PASS">
          <params>
            <param index="0">
              <value>
                <![CDATA[windows]]>
              </value>
            </param>
            <param index="1">
              <value>
                <![CDATA[chrome]]>
              </value>
            </param>
          </params>
          <reporter-output>
          </reporter-output>
        </test-method> <!-- openApp -->
        <test-method signature="testCompletePurchase()[pri:0, instance:testCases.TC05_CompletePurchase@740d2e78]" started-at="2025-06-23T13:00:09 CDT" name="testCompletePurchase" finished-at="2025-06-23T13:01:38 CDT" duration-ms="88882" status="PASS">
          <reporter-output>
          </reporter-output>
        </test-method> <!-- testCompletePurchase -->
        <test-method is-config="true" signature="closeApp()[pri:0, instance:testCases.TC05_CompletePurchase@740d2e78]" started-at="2025-06-23T13:01:38 CDT" name="closeApp" finished-at="2025-06-23T13:01:40 CDT" duration-ms="1742" status="PASS">
          <reporter-output>
          </reporter-output>
        </test-method> <!-- closeApp -->
      </class> <!-- testCases.TC05_CompletePurchase -->
      <class name="testCases.TC02_Login">
        <test-method is-config="true" signature="openApp(java.lang.String,java.lang.String)[pri:0, instance:testCases.TC02_Login@72437d8d]" started-at="2025-06-23T13:01:57 CDT" name="openApp" finished-at="2025-06-23T13:02:57 CDT" duration-ms="60180" status="PASS">
          <params>
            <param index="0">
              <value>
                <![CDATA[windows]]>
              </value>
            </param>
            <param index="1">
              <value>
                <![CDATA[chrome]]>
              </value>
            </param>
          </params>
          <reporter-output>
          </reporter-output>
        </test-method> <!-- openApp -->
        <test-method signature="testLogin(java.lang.String,java.lang.String)[pri:0, instance:testCases.TC02_Login@72437d8d]" started-at="2025-06-23T13:03:07 CDT" name="testLogin" data-provider="LoginData" finished-at="2025-06-23T13:03:13 CDT" duration-ms="5534" status="PASS">
          <params>
            <param index="0">
              <value>
                <![CDATA[ma12345678@gmail.com]]>
              </value>
            </param>
            <param index="1">
              <value>
                <![CDATA[L0ve$elenium]]>
              </value>
            </param>
          </params>
          <reporter-output>
          </reporter-output>
        </test-method> <!-- testLogin -->
        <test-method signature="testLogin(java.lang.String,java.lang.String)[pri:0, instance:testCases.TC02_Login@72437d8d]" started-at="2025-06-23T13:03:13 CDT" name="testLogin" data-provider="LoginData" finished-at="2025-06-23T13:03:20 CDT" duration-ms="7049" status="PASS">
          <params>
            <param index="0">
              <value>
                <![CDATA[goodmorning@gmail.com]]>
              </value>
            </param>
            <param index="1">
              <value>
                <![CDATA[test@1234]]>
              </value>
            </param>
          </params>
          <reporter-output>
          </reporter-output>
        </test-method> <!-- testLogin -->
        <test-method signature="testLogin(java.lang.String,java.lang.String)[pri:0, instance:testCases.TC02_Login@72437d8d]" started-at="2025-06-23T13:03:20 CDT" name="testLogin" data-provider="LoginData" finished-at="2025-06-23T13:03:30 CDT" duration-ms="9915" status="PASS">
          <params>
            <param index="0">
              <value>
                <![CDATA[sid@cloudberry.services]]>
              </value>
            </param>
            <param index="1">
              <value>
                <![CDATA[Test123]]>
              </value>
            </param>
          </params>
          <reporter-output>
          </reporter-output>
        </test-method> <!-- testLogin -->
        <test-method signature="testLogin(java.lang.String,java.lang.String)[pri:0, instance:testCases.TC02_Login@72437d8d]" started-at="2025-06-23T13:03:30 CDT" name="testLogin" data-provider="LoginData" finished-at="2025-06-23T13:03:37 CDT" duration-ms="7007" status="PASS">
          <params>
            <param index="0">
              <value>
                <![CDATA[otisdog22@yahoo.com]]>
              </value>
            </param>
            <param index="1">
              <value>
                <![CDATA[1234QWERT]]>
              </value>
            </param>
          </params>
          <reporter-output>
          </reporter-output>
        </test-method> <!-- testLogin -->
        <test-method signature="testLogin(java.lang.String,java.lang.String)[pri:0, instance:testCases.TC02_Login@72437d8d]" started-at="2025-06-23T13:03:37 CDT" name="testLogin" data-provider="LoginData" finished-at="2025-06-23T13:03:39 CDT" duration-ms="2626" status="PASS">
          <params>
            <param index="0">
              <value>
                <![CDATA[shalaka.dongre@gmail.com]]>
              </value>
            </param>
            <param index="1">
              <value>
                <![CDATA[Test123!]]>
              </value>
            </param>
          </params>
          <reporter-output>
          </reporter-output>
        </test-method> <!-- testLogin -->
        <test-method signature="testLogin(java.lang.String,java.lang.String)[pri:0, instance:testCases.TC02_Login@72437d8d]" started-at="2025-06-23T13:03:39 CDT" name="testLogin" data-provider="LoginData" finished-at="2025-06-23T13:03:42 CDT" duration-ms="2617" status="PASS">
          <params>
            <param index="0">
              <value>
                <![CDATA[testselenium12345@gmail.com]]>
              </value>
            </param>
            <param index="1">
              <value>
                <![CDATA[test123]]>
              </value>
            </param>
          </params>
          <reporter-output>
          </reporter-output>
        </test-method> <!-- testLogin -->
        <test-method is-config="true" signature="closeApp()[pri:0, instance:testCases.TC02_Login@72437d8d]" started-at="2025-06-23T13:03:42 CDT" name="closeApp" finished-at="2025-06-23T13:03:47 CDT" duration-ms="4954" status="PASS">
          <reporter-output>
          </reporter-output>
        </test-method> <!-- closeApp -->
      </class> <!-- testCases.TC02_Login -->
      <class name="testCases.TC04_AddToWishList">
        <test-method is-config="true" signature="openApp(java.lang.String,java.lang.String)[pri:0, instance:testCases.TC04_AddToWishList@5460cf3a]" started-at="2025-06-23T12:56:32 CDT" name="openApp" finished-at="2025-06-23T12:57:07 CDT" duration-ms="35528" status="PASS">
          <params>
            <param index="0">
              <value>
                <![CDATA[windows]]>
              </value>
            </param>
            <param index="1">
              <value>
                <![CDATA[chrome]]>
              </value>
            </param>
          </params>
          <reporter-output>
          </reporter-output>
        </test-method> <!-- openApp -->
        <test-method signature="testAddToWishList()[pri:0, instance:testCases.TC04_AddToWishList@5460cf3a]" started-at="2025-06-23T12:57:07 CDT" name="testAddToWishList" finished-at="2025-06-23T12:57:51 CDT" duration-ms="43176" status="PASS">
          <reporter-output>
          </reporter-output>
        </test-method> <!-- testAddToWishList -->
        <test-method is-config="true" signature="closeApp()[pri:0, instance:testCases.TC04_AddToWishList@5460cf3a]" started-at="2025-06-23T12:57:51 CDT" name="closeApp" finished-at="2025-06-23T12:57:51 CDT" duration-ms="409" status="PASS">
          <reporter-output>
          </reporter-output>
        </test-method> <!-- closeApp -->
      </class> <!-- testCases.TC04_AddToWishList -->
      <class name="testCases.TC06_PurchaseGiftCertificate">
        <test-method is-config="true" signature="openApp(java.lang.String,java.lang.String)[pri:0, instance:testCases.TC06_PurchaseGiftCertificate@7e4204e2]" started-at="2025-06-23T12:57:51 CDT" name="openApp" finished-at="2025-06-23T12:58:37 CDT" duration-ms="45816" status="PASS">
          <params>
            <param index="0">
              <value>
                <![CDATA[windows]]>
              </value>
            </param>
            <param index="1">
              <value>
                <![CDATA[chrome]]>
              </value>
            </param>
          </params>
          <reporter-output>
          </reporter-output>
        </test-method> <!-- openApp -->
        <test-method signature="testPurchaseGiftCertificate()[pri:0, instance:testCases.TC06_PurchaseGiftCertificate@7e4204e2]" started-at="2025-06-23T12:58:37 CDT" name="testPurchaseGiftCertificate" finished-at="2025-06-23T12:58:44 CDT" duration-ms="7418" status="PASS">
          <reporter-output>
          </reporter-output>
        </test-method> <!-- testPurchaseGiftCertificate -->
        <test-method is-config="true" signature="closeApp()[pri:0, instance:testCases.TC06_PurchaseGiftCertificate@7e4204e2]" started-at="2025-06-23T12:58:44 CDT" name="closeApp" finished-at="2025-06-23T12:58:45 CDT" duration-ms="753" status="PASS">
          <reporter-output>
          </reporter-output>
        </test-method> <!-- closeApp -->
      </class> <!-- testCases.TC06_PurchaseGiftCertificate -->
      <class name="testCases.TC01_LaunchApplication">
        <test-method is-config="true" signature="openApp(java.lang.String,java.lang.String)[pri:0, instance:testCases.TC01_LaunchApplication@1c481ff2]" started-at="2025-06-23T13:01:40 CDT" name="openApp" finished-at="2025-06-23T13:01:56 CDT" duration-ms="16523" status="PASS">
          <params>
            <param index="0">
              <value>
                <![CDATA[windows]]>
              </value>
            </param>
            <param index="1">
              <value>
                <![CDATA[chrome]]>
              </value>
            </param>
          </params>
          <reporter-output>
          </reporter-output>
        </test-method> <!-- openApp -->
        <test-method signature="testLaunchApplication()[pri:0, instance:testCases.TC01_LaunchApplication@1c481ff2]" started-at="2025-06-23T13:01:56 CDT" name="testLaunchApplication" finished-at="2025-06-23T13:01:56 CDT" duration-ms="28" status="PASS">
          <reporter-output>
          </reporter-output>
        </test-method> <!-- testLaunchApplication -->
        <test-method is-config="true" signature="closeApp()[pri:0, instance:testCases.TC01_LaunchApplication@1c481ff2]" started-at="2025-06-23T13:01:56 CDT" name="closeApp" finished-at="2025-06-23T13:01:57 CDT" duration-ms="743" status="PASS">
          <reporter-output>
          </reporter-output>
        </test-method> <!-- closeApp -->
      </class> <!-- testCases.TC01_LaunchApplication -->
      <class name="testCases.TC03_AddToCart">
        <test-method is-config="true" signature="openApp(java.lang.String,java.lang.String)[pri:0, instance:testCases.TC03_AddToCart@b7c4869]" started-at="2025-06-23T12:58:45 CDT" name="openApp" finished-at="2025-06-23T12:59:10 CDT" duration-ms="24674" status="PASS">
          <params>
            <param index="0">
              <value>
                <![CDATA[windows]]>
              </value>
            </param>
            <param index="1">
              <value>
                <![CDATA[chrome]]>
              </value>
            </param>
          </params>
          <reporter-output>
          </reporter-output>
        </test-method> <!-- openApp -->
        <test-method signature="testAddToCart()[pri:0, instance:testCases.TC03_AddToCart@b7c4869]" started-at="2025-06-23T12:59:10 CDT" name="testAddToCart" finished-at="2025-06-23T12:59:57 CDT" duration-ms="46795" status="PASS">
          <reporter-output>
          </reporter-output>
        </test-method> <!-- testAddToCart -->
        <test-method is-config="true" signature="closeApp()[pri:0, instance:testCases.TC03_AddToCart@b7c4869]" started-at="2025-06-23T12:59:57 CDT" name="closeApp" finished-at="2025-06-23T12:59:57 CDT" duration-ms="208" status="PASS">
          <reporter-output>
          </reporter-output>
        </test-method> <!-- closeApp -->
      </class> <!-- testCases.TC03_AddToCart -->
    </test> <!-- chromeTest -->
    <test started-at="2025-06-23T13:03:48 CDT" name="edgeTest" finished-at="2025-06-23T13:13:18 CDT" duration-ms="569646">
      <class name="testCases.TC05_CompletePurchase">
        <test-method is-config="true" signature="openApp(java.lang.String,java.lang.String)[pri:0, instance:testCases.TC05_CompletePurchase@6138e79a]" started-at="2025-06-23T13:08:00 CDT" name="openApp" finished-at="2025-06-23T13:08:21 CDT" duration-ms="20470" status="PASS">
          <params>
            <param index="0">
              <value>
                <![CDATA[windows]]>
              </value>
            </param>
            <param index="1">
              <value>
                <![CDATA[edge]]>
              </value>
            </param>
          </params>
          <reporter-output>
          </reporter-output>
        </test-method> <!-- openApp -->
        <test-method signature="testCompletePurchase()[pri:0, instance:testCases.TC05_CompletePurchase@6138e79a]" started-at="2025-06-23T13:08:21 CDT" name="testCompletePurchase" finished-at="2025-06-23T13:10:14 CDT" duration-ms="112834" status="PASS">
          <reporter-output>
          </reporter-output>
        </test-method> <!-- testCompletePurchase -->
        <test-method is-config="true" signature="closeApp()[pri:0, instance:testCases.TC05_CompletePurchase@6138e79a]" started-at="2025-06-23T13:10:14 CDT" name="closeApp" finished-at="2025-06-23T13:10:15 CDT" duration-ms="1400" status="PASS">
          <reporter-output>
          </reporter-output>
        </test-method> <!-- closeApp -->
      </class> <!-- testCases.TC05_CompletePurchase -->
      <class name="testCases.TC02_Login">
        <test-method is-config="true" signature="openApp(java.lang.String,java.lang.String)[pri:0, instance:testCases.TC02_Login@388526fb]" started-at="2025-06-23T13:11:03 CDT" name="openApp" finished-at="2025-06-23T13:11:53 CDT" duration-ms="50386" status="PASS">
          <params>
            <param index="0">
              <value>
                <![CDATA[windows]]>
              </value>
            </param>
            <param index="1">
              <value>
                <![CDATA[edge]]>
              </value>
            </param>
          </params>
          <reporter-output>
          </reporter-output>
        </test-method> <!-- openApp -->
        <test-method signature="testLogin(java.lang.String,java.lang.String)[pri:0, instance:testCases.TC02_Login@388526fb]" started-at="2025-06-23T13:11:53 CDT" name="testLogin" data-provider="LoginData" finished-at="2025-06-23T13:12:40 CDT" duration-ms="46462" status="PASS">
          <params>
            <param index="0">
              <value>
                <![CDATA[ma12345678@gmail.com]]>
              </value>
            </param>
            <param index="1">
              <value>
                <![CDATA[L0ve$elenium]]>
              </value>
            </param>
          </params>
          <reporter-output>
          </reporter-output>
        </test-method> <!-- testLogin -->
        <test-method signature="testLogin(java.lang.String,java.lang.String)[pri:0, instance:testCases.TC02_Login@388526fb]" started-at="2025-06-23T13:12:40 CDT" name="testLogin" data-provider="LoginData" finished-at="2025-06-23T13:12:58 CDT" duration-ms="18702" status="PASS">
          <params>
            <param index="0">
              <value>
                <![CDATA[goodmorning@gmail.com]]>
              </value>
            </param>
            <param index="1">
              <value>
                <![CDATA[test@1234]]>
              </value>
            </param>
          </params>
          <reporter-output>
          </reporter-output>
        </test-method> <!-- testLogin -->
        <test-method signature="testLogin(java.lang.String,java.lang.String)[pri:0, instance:testCases.TC02_Login@388526fb]" started-at="2025-06-23T13:12:58 CDT" name="testLogin" data-provider="LoginData" finished-at="2025-06-23T13:13:02 CDT" duration-ms="3532" status="PASS">
          <params>
            <param index="0">
              <value>
                <![CDATA[sid@cloudberry.services]]>
              </value>
            </param>
            <param index="1">
              <value>
                <![CDATA[Test123]]>
              </value>
            </param>
          </params>
          <reporter-output>
          </reporter-output>
        </test-method> <!-- testLogin -->
        <test-method signature="testLogin(java.lang.String,java.lang.String)[pri:0, instance:testCases.TC02_Login@388526fb]" started-at="2025-06-23T13:13:02 CDT" name="testLogin" data-provider="LoginData" finished-at="2025-06-23T13:13:05 CDT" duration-ms="2945" status="PASS">
          <params>
            <param index="0">
              <value>
                <![CDATA[otisdog22@yahoo.com]]>
              </value>
            </param>
            <param index="1">
              <value>
                <![CDATA[1234QWERT]]>
              </value>
            </param>
          </params>
          <reporter-output>
          </reporter-output>
        </test-method> <!-- testLogin -->
        <test-method signature="testLogin(java.lang.String,java.lang.String)[pri:0, instance:testCases.TC02_Login@388526fb]" started-at="2025-06-23T13:13:05 CDT" name="testLogin" data-provider="LoginData" finished-at="2025-06-23T13:13:07 CDT" duration-ms="2609" status="PASS">
          <params>
            <param index="0">
              <value>
                <![CDATA[shalaka.dongre@gmail.com]]>
              </value>
            </param>
            <param index="1">
              <value>
                <![CDATA[Test123!]]>
              </value>
            </param>
          </params>
          <reporter-output>
          </reporter-output>
        </test-method> <!-- testLogin -->
        <test-method signature="testLogin(java.lang.String,java.lang.String)[pri:0, instance:testCases.TC02_Login@388526fb]" started-at="2025-06-23T13:13:07 CDT" name="testLogin" data-provider="LoginData" finished-at="2025-06-23T13:13:10 CDT" duration-ms="2549" status="PASS">
          <params>
            <param index="0">
              <value>
                <![CDATA[testselenium12345@gmail.com]]>
              </value>
            </param>
            <param index="1">
              <value>
                <![CDATA[test123]]>
              </value>
            </param>
          </params>
          <reporter-output>
          </reporter-output>
        </test-method> <!-- testLogin -->
        <test-method is-config="true" signature="closeApp()[pri:0, instance:testCases.TC02_Login@388526fb]" started-at="2025-06-23T13:13:10 CDT" name="closeApp" finished-at="2025-06-23T13:13:18 CDT" duration-ms="7655" status="PASS">
          <reporter-output>
          </reporter-output>
        </test-method> <!-- closeApp -->
      </class> <!-- testCases.TC02_Login -->
      <class name="testCases.TC04_AddToWishList">
        <test-method is-config="true" signature="openApp(java.lang.String,java.lang.String)[pri:0, instance:testCases.TC04_AddToWishList@3a5ecce3]" started-at="2025-06-23T13:03:48 CDT" name="openApp" finished-at="2025-06-23T13:04:34 CDT" duration-ms="46235" status="PASS">
          <params>
            <param index="0">
              <value>
                <![CDATA[windows]]>
              </value>
            </param>
            <param index="1">
              <value>
                <![CDATA[edge]]>
              </value>
            </param>
          </params>
          <reporter-output>
          </reporter-output>
        </test-method> <!-- openApp -->
        <test-method signature="testAddToWishList()[pri:0, instance:testCases.TC04_AddToWishList@3a5ecce3]" started-at="2025-06-23T13:04:34 CDT" name="testAddToWishList" finished-at="2025-06-23T13:06:05 CDT" duration-ms="91061" status="PASS">
          <reporter-output>
          </reporter-output>
        </test-method> <!-- testAddToWishList -->
        <test-method is-config="true" signature="closeApp()[pri:0, instance:testCases.TC04_AddToWishList@3a5ecce3]" started-at="2025-06-23T13:06:05 CDT" name="closeApp" finished-at="2025-06-23T13:06:08 CDT" duration-ms="2967" status="PASS">
          <reporter-output>
          </reporter-output>
        </test-method> <!-- closeApp -->
      </class> <!-- testCases.TC04_AddToWishList -->
      <class name="testCases.TC06_PurchaseGiftCertificate">
        <test-method is-config="true" signature="openApp(java.lang.String,java.lang.String)[pri:0, instance:testCases.TC06_PurchaseGiftCertificate@561868a0]" started-at="2025-06-23T13:06:08 CDT" name="openApp" finished-at="2025-06-23T13:07:03 CDT" duration-ms="55181" status="PASS">
          <params>
            <param index="0">
              <value>
                <![CDATA[windows]]>
              </value>
            </param>
            <param index="1">
              <value>
                <![CDATA[edge]]>
              </value>
            </param>
          </params>
          <reporter-output>
          </reporter-output>
        </test-method> <!-- openApp -->
        <test-method signature="testPurchaseGiftCertificate()[pri:0, instance:testCases.TC06_PurchaseGiftCertificate@561868a0]" started-at="2025-06-23T13:07:03 CDT" name="testPurchaseGiftCertificate" finished-at="2025-06-23T13:07:08 CDT" duration-ms="4244" status="PASS">
          <reporter-output>
          </reporter-output>
        </test-method> <!-- testPurchaseGiftCertificate -->
        <test-method is-config="true" signature="closeApp()[pri:0, instance:testCases.TC06_PurchaseGiftCertificate@561868a0]" started-at="2025-06-23T13:07:08 CDT" name="closeApp" finished-at="2025-06-23T13:07:13 CDT" duration-ms="4861" status="PASS">
          <reporter-output>
          </reporter-output>
        </test-method> <!-- closeApp -->
      </class> <!-- testCases.TC06_PurchaseGiftCertificate -->
      <class name="testCases.TC01_LaunchApplication">
        <test-method is-config="true" signature="openApp(java.lang.String,java.lang.String)[pri:0, instance:testCases.TC01_LaunchApplication@2dcd168a]" started-at="2025-06-23T13:10:15 CDT" name="openApp" finished-at="2025-06-23T13:10:57 CDT" duration-ms="41492" status="PASS">
          <params>
            <param index="0">
              <value>
                <![CDATA[windows]]>
              </value>
            </param>
            <param index="1">
              <value>
                <![CDATA[edge]]>
              </value>
            </param>
          </params>
          <reporter-output>
          </reporter-output>
        </test-method> <!-- openApp -->
        <test-method signature="testLaunchApplication()[pri:0, instance:testCases.TC01_LaunchApplication@2dcd168a]" started-at="2025-06-23T13:10:57 CDT" name="testLaunchApplication" finished-at="2025-06-23T13:10:57 CDT" duration-ms="28" status="PASS">
          <reporter-output>
          </reporter-output>
        </test-method> <!-- testLaunchApplication -->
        <test-method is-config="true" signature="closeApp()[pri:0, instance:testCases.TC01_LaunchApplication@2dcd168a]" started-at="2025-06-23T13:10:57 CDT" name="closeApp" finished-at="2025-06-23T13:11:03 CDT" duration-ms="5969" status="PASS">
          <reporter-output>
          </reporter-output>
        </test-method> <!-- closeApp -->
      </class> <!-- testCases.TC01_LaunchApplication -->
      <class name="testCases.TC03_AddToCart">
        <test-method is-config="true" signature="openApp(java.lang.String,java.lang.String)[pri:0, instance:testCases.TC03_AddToCart@2ea6e30c]" started-at="2025-06-23T13:07:13 CDT" name="openApp" finished-at="2025-06-23T13:07:51 CDT" duration-ms="38747" status="PASS">
          <params>
            <param index="0">
              <value>
                <![CDATA[windows]]>
              </value>
            </param>
            <param index="1">
              <value>
                <![CDATA[edge]]>
              </value>
            </param>
          </params>
          <reporter-output>
          </reporter-output>
        </test-method> <!-- openApp -->
        <test-method signature="testAddToCart()[pri:0, instance:testCases.TC03_AddToCart@2ea6e30c]" started-at="2025-06-23T13:07:51 CDT" name="testAddToCart" finished-at="2025-06-23T13:07:59 CDT" duration-ms="7192" status="PASS">
          <reporter-output>
          </reporter-output>
        </test-method> <!-- testAddToCart -->
        <test-method is-config="true" signature="closeApp()[pri:0, instance:testCases.TC03_AddToCart@2ea6e30c]" started-at="2025-06-23T13:07:59 CDT" name="closeApp" finished-at="2025-06-23T13:08:00 CDT" duration-ms="1921" status="PASS">
          <reporter-output>
          </reporter-output>
        </test-method> <!-- closeApp -->
      </class> <!-- testCases.TC03_AddToCart -->
    </test> <!-- edgeTest -->
    <test started-at="2025-06-23T13:13:20 CDT" name="firefoxTest" finished-at="2025-06-23T13:23:47 CDT" duration-ms="627250">
      <class name="testCases.TC05_CompletePurchase">
        <test-method is-config="true" signature="openApp(java.lang.String,java.lang.String)[pri:0, instance:testCases.TC05_CompletePurchase@62ef27a8]" started-at="2025-06-23T13:19:21 CDT" name="openApp" finished-at="2025-06-23T13:20:18 CDT" duration-ms="57327" status="PASS">
          <params>
            <param index="0">
              <value>
                <![CDATA[windows]]>
              </value>
            </param>
            <param index="1">
              <value>
                <![CDATA[firefox]]>
              </value>
            </param>
          </params>
          <reporter-output>
          </reporter-output>
        </test-method> <!-- openApp -->
        <test-method signature="testCompletePurchase()[pri:0, instance:testCases.TC05_CompletePurchase@62ef27a8]" started-at="2025-06-23T13:20:18 CDT" name="testCompletePurchase" finished-at="2025-06-23T13:21:51 CDT" duration-ms="92647" status="PASS">
          <reporter-output>
          </reporter-output>
        </test-method> <!-- testCompletePurchase -->
        <test-method is-config="true" signature="closeApp()[pri:0, instance:testCases.TC05_CompletePurchase@62ef27a8]" started-at="2025-06-23T13:21:51 CDT" name="closeApp" finished-at="2025-06-23T13:21:53 CDT" duration-ms="2802" status="PASS">
          <reporter-output>
          </reporter-output>
        </test-method> <!-- closeApp -->
      </class> <!-- testCases.TC05_CompletePurchase -->
      <class name="testCases.TC02_Login">
        <test-method is-config="true" signature="openApp(java.lang.String,java.lang.String)[pri:0, instance:testCases.TC02_Login@460ebd80]" started-at="2025-06-23T13:22:34 CDT" name="openApp" finished-at="2025-06-23T13:23:12 CDT" duration-ms="37874" status="PASS">
          <params>
            <param index="0">
              <value>
                <![CDATA[windows]]>
              </value>
            </param>
            <param index="1">
              <value>
                <![CDATA[firefox]]>
              </value>
            </param>
          </params>
          <reporter-output>
          </reporter-output>
        </test-method> <!-- openApp -->
        <test-method signature="testLogin(java.lang.String,java.lang.String)[pri:0, instance:testCases.TC02_Login@460ebd80]" started-at="2025-06-23T13:23:12 CDT" name="testLogin" data-provider="LoginData" finished-at="2025-06-23T13:23:18 CDT" duration-ms="6065" status="PASS">
          <params>
            <param index="0">
              <value>
                <![CDATA[ma12345678@gmail.com]]>
              </value>
            </param>
            <param index="1">
              <value>
                <![CDATA[L0ve$elenium]]>
              </value>
            </param>
          </params>
          <reporter-output>
          </reporter-output>
        </test-method> <!-- testLogin -->
        <test-method signature="testLogin(java.lang.String,java.lang.String)[pri:0, instance:testCases.TC02_Login@460ebd80]" started-at="2025-06-23T13:23:18 CDT" name="testLogin" data-provider="LoginData" finished-at="2025-06-23T13:23:22 CDT" duration-ms="3303" status="PASS">
          <params>
            <param index="0">
              <value>
                <![CDATA[goodmorning@gmail.com]]>
              </value>
            </param>
            <param index="1">
              <value>
                <![CDATA[test@1234]]>
              </value>
            </param>
          </params>
          <reporter-output>
          </reporter-output>
        </test-method> <!-- testLogin -->
        <test-method signature="testLogin(java.lang.String,java.lang.String)[pri:0, instance:testCases.TC02_Login@460ebd80]" started-at="2025-06-23T13:23:22 CDT" name="testLogin" data-provider="LoginData" finished-at="2025-06-23T13:23:24 CDT" duration-ms="2707" status="PASS">
          <params>
            <param index="0">
              <value>
                <![CDATA[sid@cloudberry.services]]>
              </value>
            </param>
            <param index="1">
              <value>
                <![CDATA[Test123]]>
              </value>
            </param>
          </params>
          <reporter-output>
          </reporter-output>
        </test-method> <!-- testLogin -->
        <test-method signature="testLogin(java.lang.String,java.lang.String)[pri:0, instance:testCases.TC02_Login@460ebd80]" started-at="2025-06-23T13:23:24 CDT" name="testLogin" data-provider="LoginData" finished-at="2025-06-23T13:23:27 CDT" duration-ms="2745" status="PASS">
          <params>
            <param index="0">
              <value>
                <![CDATA[otisdog22@yahoo.com]]>
              </value>
            </param>
            <param index="1">
              <value>
                <![CDATA[1234QWERT]]>
              </value>
            </param>
          </params>
          <reporter-output>
          </reporter-output>
        </test-method> <!-- testLogin -->
        <test-method signature="testLogin(java.lang.String,java.lang.String)[pri:0, instance:testCases.TC02_Login@460ebd80]" started-at="2025-06-23T13:23:27 CDT" name="testLogin" data-provider="LoginData" finished-at="2025-06-23T13:23:32 CDT" duration-ms="4977" status="PASS">
          <params>
            <param index="0">
              <value>
                <![CDATA[shalaka.dongre@gmail.com]]>
              </value>
            </param>
            <param index="1">
              <value>
                <![CDATA[Test123!]]>
              </value>
            </param>
          </params>
          <reporter-output>
          </reporter-output>
        </test-method> <!-- testLogin -->
        <test-method signature="testLogin(java.lang.String,java.lang.String)[pri:0, instance:testCases.TC02_Login@460ebd80]" started-at="2025-06-23T13:23:32 CDT" name="testLogin" data-provider="LoginData" finished-at="2025-06-23T13:23:40 CDT" duration-ms="7545" status="PASS">
          <params>
            <param index="0">
              <value>
                <![CDATA[testselenium12345@gmail.com]]>
              </value>
            </param>
            <param index="1">
              <value>
                <![CDATA[test123]]>
              </value>
            </param>
          </params>
          <reporter-output>
          </reporter-output>
        </test-method> <!-- testLogin -->
        <test-method is-config="true" signature="closeApp()[pri:0, instance:testCases.TC02_Login@460ebd80]" started-at="2025-06-23T13:23:40 CDT" name="closeApp" finished-at="2025-06-23T13:23:47 CDT" duration-ms="7564" status="PASS">
          <reporter-output>
          </reporter-output>
        </test-method> <!-- closeApp -->
      </class> <!-- testCases.TC02_Login -->
      <class name="testCases.TC04_AddToWishList">
        <test-method is-config="true" signature="openApp(java.lang.String,java.lang.String)[pri:0, instance:testCases.TC04_AddToWishList@7803bfd]" started-at="2025-06-23T13:13:20 CDT" name="openApp" finished-at="2025-06-23T13:14:56 CDT" duration-ms="95675" status="PASS">
          <params>
            <param index="0">
              <value>
                <![CDATA[windows]]>
              </value>
            </param>
            <param index="1">
              <value>
                <![CDATA[firefox]]>
              </value>
            </param>
          </params>
          <reporter-output>
          </reporter-output>
        </test-method> <!-- openApp -->
        <test-method signature="testAddToWishList()[pri:0, instance:testCases.TC04_AddToWishList@7803bfd]" started-at="2025-06-23T13:14:56 CDT" name="testAddToWishList" finished-at="2025-06-23T13:16:06 CDT" duration-ms="70705" status="PASS">
          <reporter-output>
          </reporter-output>
        </test-method> <!-- testAddToWishList -->
        <test-method is-config="true" signature="closeApp()[pri:0, instance:testCases.TC04_AddToWishList@7803bfd]" started-at="2025-06-23T13:16:06 CDT" name="closeApp" finished-at="2025-06-23T13:16:10 CDT" duration-ms="3990" status="PASS">
          <reporter-output>
          </reporter-output>
        </test-method> <!-- closeApp -->
      </class> <!-- testCases.TC04_AddToWishList -->
      <class name="testCases.TC06_PurchaseGiftCertificate">
        <test-method is-config="true" signature="openApp(java.lang.String,java.lang.String)[pri:0, instance:testCases.TC06_PurchaseGiftCertificate@42bc14c1]" started-at="2025-06-23T13:16:10 CDT" name="openApp" finished-at="2025-06-23T13:16:43 CDT" duration-ms="32461" status="PASS">
          <params>
            <param index="0">
              <value>
                <![CDATA[windows]]>
              </value>
            </param>
            <param index="1">
              <value>
                <![CDATA[firefox]]>
              </value>
            </param>
          </params>
          <reporter-output>
          </reporter-output>
        </test-method> <!-- openApp -->
        <test-method signature="testPurchaseGiftCertificate()[pri:0, instance:testCases.TC06_PurchaseGiftCertificate@42bc14c1]" started-at="2025-06-23T13:16:43 CDT" name="testPurchaseGiftCertificate" finished-at="2025-06-23T13:16:57 CDT" duration-ms="13886" status="PASS">
          <reporter-output>
          </reporter-output>
        </test-method> <!-- testPurchaseGiftCertificate -->
        <test-method is-config="true" signature="closeApp()[pri:0, instance:testCases.TC06_PurchaseGiftCertificate@42bc14c1]" started-at="2025-06-23T13:16:57 CDT" name="closeApp" finished-at="2025-06-23T13:17:27 CDT" duration-ms="30038" status="PASS">
          <reporter-output>
          </reporter-output>
        </test-method> <!-- closeApp -->
      </class> <!-- testCases.TC06_PurchaseGiftCertificate -->
      <class name="testCases.TC01_LaunchApplication">
        <test-method is-config="true" signature="openApp(java.lang.String,java.lang.String)[pri:0, instance:testCases.TC01_LaunchApplication@6436a7db]" started-at="2025-06-23T13:21:53 CDT" name="openApp" finished-at="2025-06-23T13:22:29 CDT" duration-ms="35479" status="PASS">
          <params>
            <param index="0">
              <value>
                <![CDATA[windows]]>
              </value>
            </param>
            <param index="1">
              <value>
                <![CDATA[firefox]]>
              </value>
            </param>
          </params>
          <reporter-output>
          </reporter-output>
        </test-method> <!-- openApp -->
        <test-method signature="testLaunchApplication()[pri:0, instance:testCases.TC01_LaunchApplication@6436a7db]" started-at="2025-06-23T13:22:29 CDT" name="testLaunchApplication" finished-at="2025-06-23T13:22:29 CDT" duration-ms="21" status="PASS">
          <reporter-output>
          </reporter-output>
        </test-method> <!-- testLaunchApplication -->
        <test-method is-config="true" signature="closeApp()[pri:0, instance:testCases.TC01_LaunchApplication@6436a7db]" started-at="2025-06-23T13:22:29 CDT" name="closeApp" finished-at="2025-06-23T13:22:34 CDT" duration-ms="5348" status="PASS">
          <reporter-output>
          </reporter-output>
        </test-method> <!-- closeApp -->
      </class> <!-- testCases.TC01_LaunchApplication -->
      <class name="testCases.TC03_AddToCart">
        <test-method is-config="true" signature="openApp(java.lang.String,java.lang.String)[pri:0, instance:testCases.TC03_AddToCart@531f4093]" started-at="2025-06-23T13:17:27 CDT" name="openApp" finished-at="2025-06-23T13:18:52 CDT" duration-ms="85047" status="PASS">
          <params>
            <param index="0">
              <value>
                <![CDATA[windows]]>
              </value>
            </param>
            <param index="1">
              <value>
                <![CDATA[firefox]]>
              </value>
            </param>
          </params>
          <reporter-output>
          </reporter-output>
        </test-method> <!-- openApp -->
        <test-method signature="testAddToCart()[pri:0, instance:testCases.TC03_AddToCart@531f4093]" started-at="2025-06-23T13:18:52 CDT" name="testAddToCart" finished-at="2025-06-23T13:18:56 CDT" duration-ms="4515" status="PASS">
          <reporter-output>
          </reporter-output>
        </test-method> <!-- testAddToCart -->
        <test-method is-config="true" signature="closeApp()[pri:0, instance:testCases.TC03_AddToCart@531f4093]" started-at="2025-06-23T13:18:56 CDT" name="closeApp" finished-at="2025-06-23T13:19:21 CDT" duration-ms="24270" status="PASS">
          <reporter-output>
          </reporter-output>
        </test-method> <!-- closeApp -->
      </class> <!-- testCases.TC03_AddToCart -->
    </test> <!-- firefoxTest -->
  </suite> <!-- Sequential Suite -->
</testng-results>
