<?xml version="1.0" encoding="UTF-8"?>
<testsuite xmlns:xsi="http://www.w3.org/2001/XMLSchema-instance" xsi:noNamespaceSchemaLocation="https://maven.apache.org/surefire/maven-surefire-plugin/xsd/surefire-test-report.xsd" version="3.0.2" name="TestSuite" time="667.392" tests="37" errors="0" skipped="4" failures="2">
  <properties>
[...]
</properties>
  <testcase name="testLaunchApplication" classname="testCases.TC01_LaunchApplication" time="0.17">
    <system-out><![CDATA[2025-02-19T18:39:59.051845500Z main INFO Starting configuration XmlConfiguration[location=C:\Users\Deity\eclipse-workspace\CloudBerry Training\NinjaV6\target\test-classes\log4j2.xml, lastModified=2025-02-17T21:37:15.293Z]...
2025-02-19T18:39:59.054794600Z main INFO Start watching for changes to C:\Users\Deity\eclipse-workspace\CloudBerry Training\NinjaV6\target\test-classes\log4j2.xml every 0 seconds
2025-02-19T18:39:59.054794600Z main INFO Configuration XmlConfiguration[location=C:\Users\Deity\eclipse-workspace\CloudBerry Training\NinjaV6\target\test-classes\log4j2.xml, lastModified=2025-02-17T21:37:15.293Z] started.
2025-02-19T18:39:59.057789400Z main INFO Stopping configuration org.apache.logging.log4j.core.config.DefaultConfiguration@49d904ec...
2025-02-19T18:39:59.057789400Z main INFO Configuration org.apache.logging.log4j.core.config.DefaultConfiguration@49d904ec stopped.
]]></system-out>
    <system-err><![CDATA[Feb 19, 2025 12:39:59 PM org.openqa.selenium.remote.tracing.opentelemetry.OpenTelemetryTracer createTracer
INFO: Using OpenTelemetry for tracing
]]></system-err>
  </testcase>
  <testcase name="testLaunchApplication" classname="testCases.TC01_LaunchApplication" time="0.044"/>
  <testcase name="testLaunchApplication" classname="testCases.TC01_LaunchApplication" time="0.037"/>
  <testcase name="testLogin[ma12345678@gmail.com, L0ve$elenium](1)" classname="testCases.TC02_Login" time="11.076"/>
  <testcase name="testLogin[ma12345678@gmail.com, L0ve$elenium](1)" classname="testCases.TC02_Login" time="1.275"/>
  <testcase name="testLogin[ma12345678@gmail.com, L0ve$elenium](1)" classname="testCases.TC02_Login" time="10.18"/>
  <testcase name="testLogin[goodmorning@gmail.com, test@1234](2)" classname="testCases.TC02_Login" time="2.964"/>
  <testcase name="testLogin[goodmorning@gmail.com, test@1234](2)" classname="testCases.TC02_Login" time="5.028"/>
  <testcase name="testLogin[goodmorning@gmail.com, test@1234](2)" classname="testCases.TC02_Login" time="0.404"/>
  <testcase name="testLogin[test121@test.com, test123](3)" classname="testCases.TC02_Login" time="2.507"/>
  <testcase name="testLogin[test121@test.com, test123](3)" classname="testCases.TC02_Login" time="20.805"/>
  <testcase name="testLogin[test121@test.com, test123](3)" classname="testCases.TC02_Login" time="4.62"/>
  <testcase name="testLogin[sid@cloudberry.services, Test123](4)" classname="testCases.TC02_Login" time="2.738"/>
  <testcase name="testLogin[sid@cloudberry.services, Test123](4)" classname="testCases.TC02_Login" time="1.295"/>
  <testcase name="testLogin[sid@cloudberry.services, Test123](4)" classname="testCases.TC02_Login" time="6.506"/>
  <testcase name="testLogin[otisdog22@yahoo.com, 1234QWERT](5)" classname="testCases.TC02_Login" time="3.108"/>
  <testcase name="testLogin[otisdog22@yahoo.com, 1234QWERT](5)" classname="testCases.TC02_Login" time="2.896"/>
  <testcase name="testLogin[otisdog22@yahoo.com, 1234QWERT](5)" classname="testCases.TC02_Login" time="1.032"/>
  <testcase name="testLogin[shalaka.dongre@gmail.com, Test123!](6)" classname="testCases.TC02_Login" time="3.019"/>
  <testcase name="testLogin[shalaka.dongre@gmail.com, Test123!](6)" classname="testCases.TC02_Login" time="2.592"/>
  <testcase name="testLogin[shalaka.dongre@gmail.com, Test123!](6)" classname="testCases.TC02_Login" time="5.953"/>
  <testcase name="testAddToCart" classname="testCases.TC03_AddToCart" time="2.395"/>
  <testcase name="testAddToCart" classname="testCases.TC03_AddToCart" time="12.433"/>
  <testcase name="testAddToCart" classname="testCases.TC03_AddToCart" time="22.189"/>
  <testcase name="testAddToWishList" classname="testCases.TC04_AddToWishList" time="12.002"/>
  <testcase name="testAddToWishList" classname="testCases.TC04_AddToWishList" time="1.105"/>
  <testcase name="testAddToWishList" classname="testCases.TC04_AddToWishList" time="2.675"/>
  <testcase name="testCompletePurchase" classname="testCases.TC05_CompletePurchase" time="0.0">
    <skipped message="Element &lt;input id=&quot;button-confirm&quot; class=&quot;btn btn-primary&quot; type=&quot;button&quot;&gt; could not be scrolled into view&#10;Build info: version: &apos;4.28.1&apos;, revision: &apos;73f5ad48a2&apos;&#10;System info: os.name: &apos;Windows 11&apos;, os.arch: &apos;amd64&apos;, os.version: &apos;10.0&apos;, java.version: &apos;23.0.1&apos;&#10;Driver info: org.openqa.selenium.remote.RemoteWebDriver&#10;Command: [be0cac66-9adc-4e85-b467-4303f8296596, clickElement {id=4efcd1ad-fedf-4594-a296-62cbc9ea86a7}]&#10;Capabilities {acceptInsecureCerts: true, browserName: firefox, browserVersion: 135.0, moz:accessibilityChecks: false, moz:buildID: 20250130195129, moz:debuggerAddress: 127.0.0.1:30558, moz:firefoxOptions: {binary: C:\Program Files\Mozilla Fi..., prefs: {remote.active-protocols: 3}}, moz:geckodriverVersion: 0.35.0, moz:headless: false, moz:platformVersion: 10.0, moz:processID: 12828, moz:profile: C:\Users\Deity\AppData\Loca..., moz:shutdownTimeout: 60000, moz:webdriverClick: true, moz:windowless: false, pageLoadStrategy: normal, platformName: Windows 11, proxy: Proxy(), se:bidiEnabled: false, se:cdp: ws://192.168.0.71:4444/sess..., se:cdpVersion: 85.0, setWindowRect: true, strictFileInteractability: false, timeouts: {implicit: 0, pageLoad: 300000, script: 30000}, unhandledPromptBehavior: dismiss and notify, userAgent: Mozilla/5.0 (Windows NT 10....}&#10;Element: [[RemoteWebDriver: firefox on Windows 11 (be0cac66-9adc-4e85-b467-4303f8296596)] -&gt; xpath: //input[@id=&apos;button-confirm&apos;]]&#10;Session ID: be0cac66-9adc-4e85-b467-4303f8296596"/>
  </testcase>
  <testcase name="testCompletePurchase" classname="testCases.TC05_CompletePurchase" time="0.0">
    <skipped message="Unable to locate element: //input[@id=&apos;input-email&apos;]&#10;For documentation on this error, please visit: https://www.selenium.dev/documentation/webdriver/troubleshooting/errors#no-such-element-exception&#10;Build info: version: &apos;4.28.1&apos;, revision: &apos;73f5ad48a2&apos;&#10;System info: os.name: &apos;Windows 11&apos;, os.arch: &apos;amd64&apos;, os.version: &apos;10.0&apos;, java.version: &apos;23.0.1&apos;&#10;Driver info: org.openqa.selenium.remote.RemoteWebDriver&#10;Command: [be0cac66-9adc-4e85-b467-4303f8296596, findElement {value=//input[@id=&apos;input-email&apos;], using=xpath}]&#10;Capabilities {acceptInsecureCerts: true, browserName: firefox, browserVersion: 135.0, moz:accessibilityChecks: false, moz:buildID: 20250130195129, moz:debuggerAddress: 127.0.0.1:30558, moz:firefoxOptions: {binary: C:\Program Files\Mozilla Fi..., prefs: {remote.active-protocols: 3}}, moz:geckodriverVersion: 0.35.0, moz:headless: false, moz:platformVersion: 10.0, moz:processID: 12828, moz:profile: C:\Users\Deity\AppData\Loca..., moz:shutdownTimeout: 60000, moz:webdriverClick: true, moz:windowless: false, pageLoadStrategy: normal, platformName: Windows 11, proxy: Proxy(), se:bidiEnabled: false, se:cdp: ws://192.168.0.71:4444/sess..., se:cdpVersion: 85.0, setWindowRect: true, strictFileInteractability: false, timeouts: {implicit: 0, pageLoad: 300000, script: 30000}, unhandledPromptBehavior: dismiss and notify, userAgent: Mozilla/5.0 (Windows NT 10....}&#10;Session ID: be0cac66-9adc-4e85-b467-4303f8296596"/>
  </testcase>
  <testcase name="testCompletePurchase" classname="testCases.TC05_CompletePurchase" time="40.332">
    <failure message="Unable to locate element: //input[@id=&apos;input-email&apos;]&#10;For documentation on this error, please visit: https://www.selenium.dev/documentation/webdriver/troubleshooting/errors#no-such-element-exception&#10;Build info: version: &apos;4.28.1&apos;, revision: &apos;73f5ad48a2&apos;&#10;System info: os.name: &apos;Windows 11&apos;, os.arch: &apos;amd64&apos;, os.version: &apos;10.0&apos;, java.version: &apos;23.0.1&apos;&#10;Driver info: org.openqa.selenium.remote.RemoteWebDriver&#10;Command: [be0cac66-9adc-4e85-b467-4303f8296596, findElement {value=//input[@id=&apos;input-email&apos;], using=xpath}]&#10;Capabilities {acceptInsecureCerts: true, browserName: firefox, browserVersion: 135.0, moz:accessibilityChecks: false, moz:buildID: 20250130195129, moz:debuggerAddress: 127.0.0.1:30558, moz:firefoxOptions: {binary: C:\Program Files\Mozilla Fi..., prefs: {remote.active-protocols: 3}}, moz:geckodriverVersion: 0.35.0, moz:headless: false, moz:platformVersion: 10.0, moz:processID: 12828, moz:profile: C:\Users\Deity\AppData\Loca..., moz:shutdownTimeout: 60000, moz:webdriverClick: true, moz:windowless: false, pageLoadStrategy: normal, platformName: Windows 11, proxy: Proxy(), se:bidiEnabled: false, se:cdp: ws://192.168.0.71:4444/sess..., se:cdpVersion: 85.0, setWindowRect: true, strictFileInteractability: false, timeouts: {implicit: 0, pageLoad: 300000, script: 30000}, unhandledPromptBehavior: dismiss and notify, userAgent: Mozilla/5.0 (Windows NT 10....}&#10;Session ID: be0cac66-9adc-4e85-b467-4303f8296596" type="org.openqa.selenium.NoSuchElementException"><![CDATA[org.openqa.selenium.NoSuchElementException: 
Unable to locate element: //input[@id='input-email']
For documentation on this error, please visit: https://www.selenium.dev/documentation/webdriver/troubleshooting/errors#no-such-element-exception
Build info: version: '4.28.1', revision: '73f5ad48a2'
System info: os.name: 'Windows 11', os.arch: 'amd64', os.version: '10.0', java.version: '23.0.1'
Driver info: org.openqa.selenium.remote.RemoteWebDriver
Command: [be0cac66-9adc-4e85-b467-4303f8296596, findElement {value=//input[@id='input-email'], using=xpath}]
Capabilities {acceptInsecureCerts: true, browserName: firefox, browserVersion: 135.0, moz:accessibilityChecks: false, moz:buildID: 20250130195129, moz:debuggerAddress: 127.0.0.1:30558, moz:firefoxOptions: {binary: C:\Program Files\Mozilla Fi..., prefs: {remote.active-protocols: 3}}, moz:geckodriverVersion: 0.35.0, moz:headless: false, moz:platformVersion: 10.0, moz:processID: 12828, moz:profile: C:\Users\Deity\AppData\Loca..., moz:shutdownTimeout: 60000, moz:webdriverClick: true, moz:windowless: false, pageLoadStrategy: normal, platformName: Windows 11, proxy: Proxy(), se:bidiEnabled: false, se:cdp: ws://192.168.0.71:4444/sess..., se:cdpVersion: 85.0, setWindowRect: true, strictFileInteractability: false, timeouts: {implicit: 0, pageLoad: 300000, script: 30000}, unhandledPromptBehavior: dismiss and notify, userAgent: Mozilla/5.0 (Windows NT 10....}
Session ID: be0cac66-9adc-4e85-b467-4303f8296596
	at java.base/jdk.internal.reflect.DirectConstructorHandleAccessor.newInstance(DirectConstructorHandleAccessor.java:62)
	at java.base/java.lang.reflect.Constructor.newInstanceWithCaller(Constructor.java:501)
	at java.base/java.lang.reflect.Constructor.newInstance(Constructor.java:485)
	at org.openqa.selenium.remote.ErrorCodec.decode(ErrorCodec.java:167)
	at org.openqa.selenium.remote.codec.w3c.W3CHttpResponseCodec.decode(W3CHttpResponseCodec.java:138)
	at org.openqa.selenium.remote.codec.w3c.W3CHttpResponseCodec.decode(W3CHttpResponseCodec.java:50)
	at org.openqa.selenium.remote.HttpCommandExecutor.execute(HttpCommandExecutor.java:215)
	at org.openqa.selenium.remote.TracedCommandExecutor.execute(TracedCommandExecutor.java:53)
	at org.openqa.selenium.remote.RemoteWebDriver.execute(RemoteWebDriver.java:545)
	at org.openqa.selenium.remote.ElementLocation$ElementFinder$2.findElement(ElementLocation.java:165)
	at org.openqa.selenium.remote.ElementLocation.findElement(ElementLocation.java:59)
	at org.openqa.selenium.remote.RemoteWebDriver.findElement(RemoteWebDriver.java:368)
	at org.openqa.selenium.remote.RemoteWebDriver.findElement(RemoteWebDriver.java:362)
	at org.openqa.selenium.support.pagefactory.DefaultElementLocator.findElement(DefaultElementLocator.java:68)
	at org.openqa.selenium.support.pagefactory.internal.LocatingElementHandler.invoke(LocatingElementHandler.java:38)
	at jdk.proxy2/jdk.proxy2.$Proxy27.sendKeys(Unknown Source)
	at pageObjects.LoginPage.setEmail(LoginPage.java:31)
	at testCases.TC05_CompletePurchase.testCompletePurchase(TC05_CompletePurchase.java:52)
	at java.base/jdk.internal.reflect.DirectMethodHandleAccessor.invoke(DirectMethodHandleAccessor.java:103)
	at java.base/java.lang.reflect.Method.invoke(Method.java:580)
	at org.testng.internal.invokers.MethodInvocationHelper.invokeMethod(MethodInvocationHelper.java:141)
	at org.testng.internal.invokers.TestInvoker.invokeMethod(TestInvoker.java:686)
	at org.testng.internal.invokers.TestInvoker.retryFailed(TestInvoker.java:269)
	at org.testng.internal.invokers.MethodRunner.runInSequence(MethodRunner.java:76)
	at org.testng.internal.invokers.TestInvoker$MethodInvocationAgent.invoke(TestInvoker.java:992)
	at org.testng.internal.invokers.TestInvoker.invokeTestMethods(TestInvoker.java:203)
	at org.testng.internal.invokers.TestMethodWorker.invokeTestMethods(TestMethodWorker.java:154)
	at org.testng.internal.invokers.TestMethodWorker.run(TestMethodWorker.java:134)
	at java.base/java.util.ArrayList.forEach(ArrayList.java:1597)
	at org.testng.TestRunner.privateRun(TestRunner.java:739)
	at org.testng.TestRunner.run(TestRunner.java:614)
	at org.testng.SuiteRunner.runTest(SuiteRunner.java:421)
	at org.testng.SuiteRunner$SuiteWorker.run(SuiteRunner.java:463)
	at org.testng.internal.thread.ThreadUtil.lambda$execute$0(ThreadUtil.java:64)
	at java.base/java.util.concurrent.FutureTask.run(FutureTask.java:317)
	at java.base/java.util.concurrent.ThreadPoolExecutor.runWorker(ThreadPoolExecutor.java:1144)
	at java.base/java.util.concurrent.ThreadPoolExecutor$Worker.run(ThreadPoolExecutor.java:642)
	at java.base/java.lang.Thread.run(Thread.java:1575)
]]></failure>
  </testcase>
  <testcase name="testCompletePurchase" classname="testCases.TC05_CompletePurchase" time="70.855"/>
  <testcase name="testCompletePurchase" classname="testCases.TC05_CompletePurchase" time="0.0">
    <skipped message="no such element: Unable to locate element: {&quot;method&quot;:&quot;xpath&quot;,&quot;selector&quot;:&quot;//input[@name=&apos;agree&apos;]&quot;}&#10;  (Session info: MicrosoftEdge=133.0.3065.69)&#10;For documentation on this error, please visit: https://www.selenium.dev/documentation/webdriver/troubleshooting/errors#no-such-element-exception&#10;Build info: version: &apos;4.28.1&apos;, revision: &apos;73f5ad48a2&apos;&#10;System info: os.name: &apos;Windows 11&apos;, os.arch: &apos;amd64&apos;, os.version: &apos;10.0&apos;, java.version: &apos;23.0.1&apos;&#10;Driver info: org.openqa.selenium.remote.RemoteWebDriver&#10;Command: [15614cd056cb676ed2d9317a4a9a4889, findElement {value=//input[@name=&apos;agree&apos;], using=xpath}]&#10;Capabilities {acceptInsecureCerts: false, browserName: MicrosoftEdge, browserVersion: 133.0.3065.69, fedcm:accounts: true, ms:edgeOptions: {debuggerAddress: localhost:62276}, msedge: {msedgedriverVersion: 133.0.3065.69 (c3f010c11f3e..., userDataDir: C:\Users\Deity\AppData\Loca...}, networkConnectionEnabled: false, pageLoadStrategy: normal, platformName: Windows 11, proxy: Proxy(), se:bidiEnabled: false, se:cdp: ws://192.168.0.71:4444/sess..., se:cdpVersion: 133.0.3065.69, setWindowRect: true, strictFileInteractability: false, timeouts: {implicit: 0, pageLoad: 300000, script: 30000}, unhandledPromptBehavior: dismiss and notify, webauthn:extension:credBlob: true, webauthn:extension:largeBlob: true, webauthn:extension:minPinLength: true, webauthn:extension:prf: true, webauthn:virtualAuthenticators: true}&#10;Session ID: 15614cd056cb676ed2d9317a4a9a4889"/>
  </testcase>
  <testcase name="testCompletePurchase" classname="testCases.TC05_CompletePurchase" time="0.0">
    <skipped message="no such element: Unable to locate element: {&quot;method&quot;:&quot;xpath&quot;,&quot;selector&quot;:&quot;//input[@id=&apos;input-email&apos;]&quot;}&#10;  (Session info: MicrosoftEdge=133.0.3065.69)&#10;For documentation on this error, please visit: https://www.selenium.dev/documentation/webdriver/troubleshooting/errors#no-such-element-exception&#10;Build info: version: &apos;4.28.1&apos;, revision: &apos;73f5ad48a2&apos;&#10;System info: os.name: &apos;Windows 11&apos;, os.arch: &apos;amd64&apos;, os.version: &apos;10.0&apos;, java.version: &apos;23.0.1&apos;&#10;Driver info: org.openqa.selenium.remote.RemoteWebDriver&#10;Command: [15614cd056cb676ed2d9317a4a9a4889, findElement {value=//input[@id=&apos;input-email&apos;], using=xpath}]&#10;Capabilities {acceptInsecureCerts: false, browserName: MicrosoftEdge, browserVersion: 133.0.3065.69, fedcm:accounts: true, ms:edgeOptions: {debuggerAddress: localhost:62276}, msedge: {msedgedriverVersion: 133.0.3065.69 (c3f010c11f3e..., userDataDir: C:\Users\Deity\AppData\Loca...}, networkConnectionEnabled: false, pageLoadStrategy: normal, platformName: Windows 11, proxy: Proxy(), se:bidiEnabled: false, se:cdp: ws://192.168.0.71:4444/sess..., se:cdpVersion: 133.0.3065.69, setWindowRect: true, strictFileInteractability: false, timeouts: {implicit: 0, pageLoad: 300000, script: 30000}, unhandledPromptBehavior: dismiss and notify, webauthn:extension:credBlob: true, webauthn:extension:largeBlob: true, webauthn:extension:minPinLength: true, webauthn:extension:prf: true, webauthn:virtualAuthenticators: true}&#10;Session ID: 15614cd056cb676ed2d9317a4a9a4889"/>
  </testcase>
  <testcase name="testCompletePurchase" classname="testCases.TC05_CompletePurchase" time="76.981">
    <failure message="no such element: Unable to locate element: {&quot;method&quot;:&quot;xpath&quot;,&quot;selector&quot;:&quot;//input[@id=&apos;input-email&apos;]&quot;}&#10;  (Session info: MicrosoftEdge=133.0.3065.69)&#10;For documentation on this error, please visit: https://www.selenium.dev/documentation/webdriver/troubleshooting/errors#no-such-element-exception&#10;Build info: version: &apos;4.28.1&apos;, revision: &apos;73f5ad48a2&apos;&#10;System info: os.name: &apos;Windows 11&apos;, os.arch: &apos;amd64&apos;, os.version: &apos;10.0&apos;, java.version: &apos;23.0.1&apos;&#10;Driver info: org.openqa.selenium.remote.RemoteWebDriver&#10;Command: [15614cd056cb676ed2d9317a4a9a4889, findElement {value=//input[@id=&apos;input-email&apos;], using=xpath}]&#10;Capabilities {acceptInsecureCerts: false, browserName: MicrosoftEdge, browserVersion: 133.0.3065.69, fedcm:accounts: true, ms:edgeOptions: {debuggerAddress: localhost:62276}, msedge: {msedgedriverVersion: 133.0.3065.69 (c3f010c11f3e..., userDataDir: C:\Users\Deity\AppData\Loca...}, networkConnectionEnabled: false, pageLoadStrategy: normal, platformName: Windows 11, proxy: Proxy(), se:bidiEnabled: false, se:cdp: ws://192.168.0.71:4444/sess..., se:cdpVersion: 133.0.3065.69, setWindowRect: true, strictFileInteractability: false, timeouts: {implicit: 0, pageLoad: 300000, script: 30000}, unhandledPromptBehavior: dismiss and notify, webauthn:extension:credBlob: true, webauthn:extension:largeBlob: true, webauthn:extension:minPinLength: true, webauthn:extension:prf: true, webauthn:virtualAuthenticators: true}&#10;Session ID: 15614cd056cb676ed2d9317a4a9a4889" type="org.openqa.selenium.NoSuchElementException"><![CDATA[org.openqa.selenium.NoSuchElementException: 
no such element: Unable to locate element: {"method":"xpath","selector":"//input[@id='input-email']"}
  (Session info: MicrosoftEdge=133.0.3065.69)
For documentation on this error, please visit: https://www.selenium.dev/documentation/webdriver/troubleshooting/errors#no-such-element-exception
Build info: version: '4.28.1', revision: '73f5ad48a2'
System info: os.name: 'Windows 11', os.arch: 'amd64', os.version: '10.0', java.version: '23.0.1'
Driver info: org.openqa.selenium.remote.RemoteWebDriver
Command: [15614cd056cb676ed2d9317a4a9a4889, findElement {value=//input[@id='input-email'], using=xpath}]
Capabilities {acceptInsecureCerts: false, browserName: MicrosoftEdge, browserVersion: 133.0.3065.69, fedcm:accounts: true, ms:edgeOptions: {debuggerAddress: localhost:62276}, msedge: {msedgedriverVersion: 133.0.3065.69 (c3f010c11f3e..., userDataDir: C:\Users\Deity\AppData\Loca...}, networkConnectionEnabled: false, pageLoadStrategy: normal, platformName: Windows 11, proxy: Proxy(), se:bidiEnabled: false, se:cdp: ws://192.168.0.71:4444/sess..., se:cdpVersion: 133.0.3065.69, setWindowRect: true, strictFileInteractability: false, timeouts: {implicit: 0, pageLoad: 300000, script: 30000}, unhandledPromptBehavior: dismiss and notify, webauthn:extension:credBlob: true, webauthn:extension:largeBlob: true, webauthn:extension:minPinLength: true, webauthn:extension:prf: true, webauthn:virtualAuthenticators: true}
Session ID: 15614cd056cb676ed2d9317a4a9a4889
	at java.base/jdk.internal.reflect.DirectConstructorHandleAccessor.newInstance(DirectConstructorHandleAccessor.java:62)
	at java.base/java.lang.reflect.Constructor.newInstanceWithCaller(Constructor.java:501)
	at java.base/java.lang.reflect.Constructor.newInstance(Constructor.java:485)
	at org.openqa.selenium.remote.ErrorCodec.decode(ErrorCodec.java:167)
	at org.openqa.selenium.remote.codec.w3c.W3CHttpResponseCodec.decode(W3CHttpResponseCodec.java:138)
	at org.openqa.selenium.remote.codec.w3c.W3CHttpResponseCodec.decode(W3CHttpResponseCodec.java:50)
	at org.openqa.selenium.remote.HttpCommandExecutor.execute(HttpCommandExecutor.java:215)
	at org.openqa.selenium.remote.TracedCommandExecutor.execute(TracedCommandExecutor.java:53)
	at org.openqa.selenium.remote.RemoteWebDriver.execute(RemoteWebDriver.java:545)
	at org.openqa.selenium.remote.ElementLocation$ElementFinder$2.findElement(ElementLocation.java:165)
	at org.openqa.selenium.remote.ElementLocation.findElement(ElementLocation.java:59)
	at org.openqa.selenium.remote.RemoteWebDriver.findElement(RemoteWebDriver.java:368)
	at org.openqa.selenium.remote.RemoteWebDriver.findElement(RemoteWebDriver.java:362)
	at org.openqa.selenium.support.pagefactory.DefaultElementLocator.findElement(DefaultElementLocator.java:68)
	at org.openqa.selenium.support.pagefactory.internal.LocatingElementHandler.invoke(LocatingElementHandler.java:38)
	at jdk.proxy2/jdk.proxy2.$Proxy27.sendKeys(Unknown Source)
	at pageObjects.LoginPage.setEmail(LoginPage.java:31)
	at testCases.TC05_CompletePurchase.testCompletePurchase(TC05_CompletePurchase.java:52)
	at java.base/jdk.internal.reflect.DirectMethodHandleAccessor.invoke(DirectMethodHandleAccessor.java:103)
	at java.base/java.lang.reflect.Method.invoke(Method.java:580)
	at org.testng.internal.invokers.MethodInvocationHelper.invokeMethod(MethodInvocationHelper.java:141)
	at org.testng.internal.invokers.TestInvoker.invokeMethod(TestInvoker.java:686)
	at org.testng.internal.invokers.TestInvoker.retryFailed(TestInvoker.java:269)
	at org.testng.internal.invokers.MethodRunner.runInSequence(MethodRunner.java:76)
	at org.testng.internal.invokers.TestInvoker$MethodInvocationAgent.invoke(TestInvoker.java:992)
	at org.testng.internal.invokers.TestInvoker.invokeTestMethods(TestInvoker.java:203)
	at org.testng.internal.invokers.TestMethodWorker.invokeTestMethods(TestMethodWorker.java:154)
	at org.testng.internal.invokers.TestMethodWorker.run(TestMethodWorker.java:134)
	at java.base/java.util.ArrayList.forEach(ArrayList.java:1597)
	at org.testng.TestRunner.privateRun(TestRunner.java:739)
	at org.testng.TestRunner.run(TestRunner.java:614)
	at org.testng.SuiteRunner.runTest(SuiteRunner.java:421)
	at org.testng.SuiteRunner$SuiteWorker.run(SuiteRunner.java:463)
	at org.testng.internal.thread.ThreadUtil.lambda$execute$0(ThreadUtil.java:64)
	at java.base/java.util.concurrent.FutureTask.run(FutureTask.java:317)
	at java.base/java.util.concurrent.ThreadPoolExecutor.runWorker(ThreadPoolExecutor.java:1144)
	at java.base/java.util.concurrent.ThreadPoolExecutor$Worker.run(ThreadPoolExecutor.java:642)
	at java.base/java.lang.Thread.run(Thread.java:1575)
]]></failure>
  </testcase>
  <testcase name="testPurchaseGiftCertificate" classname="testCases.TC06_PurchaseGiftCertificate" time="3.988"/>
  <testcase name="testPurchaseGiftCertificate" classname="testCases.TC06_PurchaseGiftCertificate" time="9.699"/>
  <testcase name="testPurchaseGiftCertificate" classname="testCases.TC06_PurchaseGiftCertificate" time="5.807"/>
</testsuite>