<?xml version="1.0" encoding="UTF-8"?>
<testsuite xmlns:xsi="http://www.w3.org/2001/XMLSchema-instance" xsi:noNamespaceSchemaLocation="https://maven.apache.org/surefire/maven-surefire-plugin/xsd/surefire-test-report.xsd" version="3.0.2" name="TestSuite" time="1087.18" tests="43" errors="0" skipped="16" failures="2">
  <properties>
[...]
</properties>
  <testcase name="testPurchaseGiftCertificate" classname="testCases.TC06_PurchaseGiftCertificate" time="3.01">
    <system-out><![CDATA[2025-02-27T18:57:54.108012900Z main INFO Starting configuration XmlConfiguration[location=C:\Users\Deity\eclipse-workspace\CloudBerry Training\NinjaV6\target\test-classes\log4j2.xml, lastModified=2025-02-17T21:37:15.293Z]...
2025-02-27T18:57:54.109366Z main INFO Start watching for changes to C:\Users\Deity\eclipse-workspace\CloudBerry Training\NinjaV6\target\test-classes\log4j2.xml every 0 seconds
2025-02-27T18:57:54.109366Z main INFO Configuration XmlConfiguration[location=C:\Users\Deity\eclipse-workspace\CloudBerry Training\NinjaV6\target\test-classes\log4j2.xml, lastModified=2025-02-17T21:37:15.293Z] started.
2025-02-27T18:57:54.113393Z main INFO Stopping configuration org.apache.logging.log4j.core.config.DefaultConfiguration@49d904ec...
2025-02-27T18:57:54.113393Z main INFO Configuration org.apache.logging.log4j.core.config.DefaultConfiguration@49d904ec stopped.
]]></system-out>
    <system-err><![CDATA[Feb 27, 2025 12:57:55 PM org.openqa.selenium.remote.tracing.opentelemetry.OpenTelemetryTracer createTracer
INFO: Using OpenTelemetry for tracing
]]></system-err>
  </testcase>
  <testcase name="testPurchaseGiftCertificate" classname="testCases.TC06_PurchaseGiftCertificate" time="9.78"/>
  <testcase name="testPurchaseGiftCertificate" classname="testCases.TC06_PurchaseGiftCertificate" time="16.586"/>
  <testcase name="testAddToCart" classname="testCases.TC03_AddToCart" time="0.0">
    <skipped message="Failed to convert data to an object&#10;Build info: version: &apos;4.28.1&apos;, revision: &apos;73f5ad48a2&apos;&#10;System info: os.name: &apos;Windows 11&apos;, os.arch: &apos;amd64&apos;, os.version: &apos;10.0&apos;, java.version: &apos;23.0.1&apos;&#10;Driver info: org.openqa.selenium.remote.RemoteWebDriver&#10;Command: [23a3c900-2f3b-40e6-a6bc-e6aaa73a402a, findElement {using=xpath, value=//div[@class=&apos;alert alert-success alert-dismissible&apos;]}]&#10;Capabilities {acceptInsecureCerts: true, browserName: firefox, browserVersion: 135.0.1, moz:accessibilityChecks: false, moz:buildID: 20250216192613, moz:debuggerAddress: 127.0.0.1:23591, moz:firefoxOptions: {binary: C:\Program Files\Mozilla Fi..., prefs: {remote.active-protocols: 3}}, moz:geckodriverVersion: 0.36.0, moz:headless: false, moz:platformVersion: 10.0, moz:processID: 19032, moz:profile: C:\Users\Deity\AppData\Loca..., moz:shutdownTimeout: 60000, moz:webdriverClick: true, moz:windowless: false, pageLoadStrategy: normal, platformName: Windows 11, proxy: Proxy(), se:bidiEnabled: false, se:cdp: ws://192.168.0.121:4444/ses..., se:cdpVersion: 85.0, setWindowRect: true, strictFileInteractability: false, timeouts: {implicit: 0, pageLoad: 300000, script: 30000}, unhandledPromptBehavior: dismiss and notify, userAgent: Mozilla/5.0 (Windows NT 10....}&#10;Session ID: 23a3c900-2f3b-40e6-a6bc-e6aaa73a402a"/>
  </testcase>
  <testcase name="testAddToCart" classname="testCases.TC03_AddToCart" time="0.0">
    <skipped message="Unexpected alert dialog detected. Performed handler &quot;dismiss&quot;. Dialog text: &#10;error&#10;undefined: &#10;error&#10;undefined&#10;Build info: version: &apos;4.28.1&apos;, revision: &apos;73f5ad48a2&apos;&#10;System info: os.name: &apos;Windows 11&apos;, os.arch: &apos;amd64&apos;, os.version: &apos;10.0&apos;, java.version: &apos;23.0.1&apos;&#10;Driver info: org.openqa.selenium.remote.RemoteWebDriver&#10;Command: [23a3c900-2f3b-40e6-a6bc-e6aaa73a402a, findElement {using=xpath, value=//a[normalize-space()=&apos;Laptops &amp; Notebooks&apos;]}]&#10;Capabilities {acceptInsecureCerts: true, browserName: firefox, browserVersion: 135.0.1, moz:accessibilityChecks: false, moz:buildID: 20250216192613, moz:debuggerAddress: 127.0.0.1:23591, moz:firefoxOptions: {binary: C:\Program Files\Mozilla Fi..., prefs: {remote.active-protocols: 3}}, moz:geckodriverVersion: 0.36.0, moz:headless: false, moz:platformVersion: 10.0, moz:processID: 19032, moz:profile: C:\Users\Deity\AppData\Loca..., moz:shutdownTimeout: 60000, moz:webdriverClick: true, moz:windowless: false, pageLoadStrategy: normal, platformName: Windows 11, proxy: Proxy(), se:bidiEnabled: false, se:cdp: ws://192.168.0.121:4444/ses..., se:cdpVersion: 85.0, setWindowRect: true, strictFileInteractability: false, timeouts: {implicit: 0, pageLoad: 300000, script: 30000}, unhandledPromptBehavior: dismiss and notify, userAgent: Mozilla/5.0 (Windows NT 10....}&#10;Session ID: 23a3c900-2f3b-40e6-a6bc-e6aaa73a402a"/>
  </testcase>
  <testcase name="testAddToCart" classname="testCases.TC03_AddToCart" time="0.0">
    <skipped message="Reached error page: about:neterror?e=connectionFailure&amp;u=https%3A//tutorialsninja.com/demo/index.php%3Froute%3Dproduct/category%26path%3D18&amp;c=UTF-8&amp;d=Firefox%20can%E2%80%99t%20establish%20a%20connection%20to%20the%20server%20at%20tutorialsninja.com.&#10;Build info: version: &apos;4.28.1&apos;, revision: &apos;73f5ad48a2&apos;&#10;System info: os.name: &apos;Windows 11&apos;, os.arch: &apos;amd64&apos;, os.version: &apos;10.0&apos;, java.version: &apos;23.0.1&apos;&#10;Driver info: org.openqa.selenium.remote.RemoteWebDriver&#10;Command: [23a3c900-2f3b-40e6-a6bc-e6aaa73a402a, clickElement {id=4996ea93-b8bd-4682-8fd3-27bfa3f86f66}]&#10;Capabilities {acceptInsecureCerts: true, browserName: firefox, browserVersion: 135.0.1, moz:accessibilityChecks: false, moz:buildID: 20250216192613, moz:debuggerAddress: 127.0.0.1:23591, moz:firefoxOptions: {binary: C:\Program Files\Mozilla Fi..., prefs: {remote.active-protocols: 3}}, moz:geckodriverVersion: 0.36.0, moz:headless: false, moz:platformVersion: 10.0, moz:processID: 19032, moz:profile: C:\Users\Deity\AppData\Loca..., moz:shutdownTimeout: 60000, moz:webdriverClick: true, moz:windowless: false, pageLoadStrategy: normal, platformName: Windows 11, proxy: Proxy(), se:bidiEnabled: false, se:cdp: ws://192.168.0.121:4444/ses..., se:cdpVersion: 85.0, setWindowRect: true, strictFileInteractability: false, timeouts: {implicit: 0, pageLoad: 300000, script: 30000}, unhandledPromptBehavior: dismiss and notify, userAgent: Mozilla/5.0 (Windows NT 10....}&#10;Element: [[RemoteWebDriver: firefox on Windows 11 (23a3c900-2f3b-40e6-a6bc-e6aaa73a402a)] -&gt; xpath: //a[normalize-space()=&apos;Show AllLaptops &amp; Notebooks&apos;]]&#10;Session ID: 23a3c900-2f3b-40e6-a6bc-e6aaa73a402a"/>
  </testcase>
  <testcase name="testAddToCart" classname="testCases.TC03_AddToCart" time="7.157"/>
  <testcase name="testAddToCart" classname="testCases.TC03_AddToCart" time="49.537"/>
  <testcase name="testAddToCart" classname="testCases.TC03_AddToCart" time="0.0">
    <skipped message="no such element: Unable to locate element: {&quot;method&quot;:&quot;xpath&quot;,&quot;selector&quot;:&quot;//div[@class=&apos;alert alert-success alert-dismissible&apos;]&quot;}&#10;  (Session info: chrome=133.0.6943.142)&#10;For documentation on this error, please visit: https://www.selenium.dev/documentation/webdriver/troubleshooting/errors#no-such-element-exception&#10;Build info: version: &apos;4.28.1&apos;, revision: &apos;73f5ad48a2&apos;&#10;System info: os.name: &apos;Windows 11&apos;, os.arch: &apos;amd64&apos;, os.version: &apos;10.0&apos;, java.version: &apos;23.0.1&apos;&#10;Driver info: org.openqa.selenium.remote.RemoteWebDriver&#10;Command: [d5ff6bce4f531644a9569d08142ae7a6, findElement {using=xpath, value=//div[@class=&apos;alert alert-success alert-dismissible&apos;]}]&#10;Capabilities {acceptInsecureCerts: false, browserName: chrome, browserVersion: 133.0.6943.142, chrome: {chromedriverVersion: 133.0.6943.141 (2a5d6da0d61..., userDataDir: C:\Users\Deity\AppData\Loca...}, fedcm:accounts: true, goog:chromeOptions: {debuggerAddress: localhost:65257}, networkConnectionEnabled: false, pageLoadStrategy: normal, platformName: Windows 11, proxy: Proxy(), se:bidiEnabled: false, se:cdp: ws://192.168.0.121:4444/ses..., se:cdpVersion: 133.0.6943.142, setWindowRect: true, strictFileInteractability: false, timeouts: {implicit: 0, pageLoad: 300000, script: 30000}, unhandledPromptBehavior: dismiss and notify, webauthn:extension:credBlob: true, webauthn:extension:largeBlob: true, webauthn:extension:minPinLength: true, webauthn:extension:prf: true, webauthn:virtualAuthenticators: true}&#10;Session ID: d5ff6bce4f531644a9569d08142ae7a6"/>
  </testcase>
  <testcase name="testAddToCart" classname="testCases.TC03_AddToCart" time="17.06"/>
  <testcase name="testCompletePurchase" classname="testCases.TC05_CompletePurchase" time="19.976"/>
  <testcase name="testCompletePurchase" classname="testCases.TC05_CompletePurchase" time="0.0">
    <skipped message="unexpected alert open: {Alert text : &#10;error&#10;undefined}&#10;  (Session info: MicrosoftEdge=133.0.3065.82): &#10;error&#10;undefined&#10;Build info: version: &apos;4.28.1&apos;, revision: &apos;73f5ad48a2&apos;&#10;System info: os.name: &apos;Windows 11&apos;, os.arch: &apos;amd64&apos;, os.version: &apos;10.0&apos;, java.version: &apos;23.0.1&apos;&#10;Driver info: org.openqa.selenium.remote.RemoteWebDriver&#10;Command: [672bf3c703ac296a969f300ff54a33c1, findElement {using=xpath, value=//input[@value=&apos;new&apos;]}]&#10;Capabilities {acceptInsecureCerts: false, browserName: MicrosoftEdge, browserVersion: 133.0.3065.82, fedcm:accounts: true, ms:edgeOptions: {debuggerAddress: localhost:62703}, msedge: {msedgedriverVersion: 133.0.3065.82 (e8aeaf3e0117..., userDataDir: C:\Users\Deity\AppData\Loca...}, networkConnectionEnabled: false, pageLoadStrategy: normal, platformName: Windows 11, proxy: Proxy(), se:bidiEnabled: false, se:cdp: ws://192.168.0.121:4444/ses..., se:cdpVersion: 133.0.3065.82, setWindowRect: true, strictFileInteractability: false, timeouts: {implicit: 0, pageLoad: 300000, script: 30000}, unhandledPromptBehavior: dismiss and notify, webauthn:extension:credBlob: true, webauthn:extension:largeBlob: true, webauthn:extension:minPinLength: true, webauthn:extension:prf: true, webauthn:virtualAuthenticators: true}&#10;Session ID: 672bf3c703ac296a969f300ff54a33c1"/>
  </testcase>
  <testcase name="testCompletePurchase" classname="testCases.TC05_CompletePurchase" time="0.0">
    <skipped message="stale element reference: stale element not found&#10;  (Session info: MicrosoftEdge=133.0.3065.82)&#10;For documentation on this error, please visit: https://www.selenium.dev/documentation/webdriver/troubleshooting/errors#stale-element-reference-exception&#10;Build info: version: &apos;4.28.1&apos;, revision: &apos;73f5ad48a2&apos;&#10;System info: os.name: &apos;Windows 11&apos;, os.arch: &apos;amd64&apos;, os.version: &apos;10.0&apos;, java.version: &apos;23.0.1&apos;&#10;Driver info: org.openqa.selenium.remote.RemoteWebDriver&#10;Command: [672bf3c703ac296a969f300ff54a33c1, clickElement {id=f.545368DDB51C9689F4463BDE50DC1D15.d.EB2DA8DDE28276EAD8FC17AE20F359C5.e.137}]&#10;Capabilities {acceptInsecureCerts: false, browserName: MicrosoftEdge, browserVersion: 133.0.3065.82, fedcm:accounts: true, ms:edgeOptions: {debuggerAddress: localhost:62703}, msedge: {msedgedriverVersion: 133.0.3065.82 (e8aeaf3e0117..., userDataDir: C:\Users\Deity\AppData\Loca...}, networkConnectionEnabled: false, pageLoadStrategy: normal, platformName: Windows 11, proxy: Proxy(), se:bidiEnabled: false, se:cdp: ws://192.168.0.121:4444/ses..., se:cdpVersion: 133.0.3065.82, setWindowRect: true, strictFileInteractability: false, timeouts: {implicit: 0, pageLoad: 300000, script: 30000}, unhandledPromptBehavior: dismiss and notify, webauthn:extension:credBlob: true, webauthn:extension:largeBlob: true, webauthn:extension:minPinLength: true, webauthn:extension:prf: true, webauthn:virtualAuthenticators: true}&#10;Element: [[RemoteWebDriver: MicrosoftEdge on Windows 11 (672bf3c703ac296a969f300ff54a33c1)] -&gt; xpath: //a[normalize-space()=&apos;Show AllLaptops &amp; Notebooks&apos;]]&#10;Session ID: 672bf3c703ac296a969f300ff54a33c1"/>
  </testcase>
  <testcase name="testCompletePurchase" classname="testCases.TC05_CompletePurchase" time="0.0">
    <skipped message="unexpected alert open: {Alert text : &#10;error&#10;undefined}&#10;  (Session info: MicrosoftEdge=133.0.3065.82): &#10;error&#10;undefined&#10;Build info: version: &apos;4.28.1&apos;, revision: &apos;73f5ad48a2&apos;&#10;System info: os.name: &apos;Windows 11&apos;, os.arch: &apos;amd64&apos;, os.version: &apos;10.0&apos;, java.version: &apos;23.0.1&apos;&#10;Driver info: org.openqa.selenium.remote.RemoteWebDriver&#10;Command: [672bf3c703ac296a969f300ff54a33c1, findElement {using=xpath, value=//input[@value=&apos;new&apos;]}]&#10;Capabilities {acceptInsecureCerts: false, browserName: MicrosoftEdge, browserVersion: 133.0.3065.82, fedcm:accounts: true, ms:edgeOptions: {debuggerAddress: localhost:62703}, msedge: {msedgedriverVersion: 133.0.3065.82 (e8aeaf3e0117..., userDataDir: C:\Users\Deity\AppData\Loca...}, networkConnectionEnabled: false, pageLoadStrategy: normal, platformName: Windows 11, proxy: Proxy(), se:bidiEnabled: false, se:cdp: ws://192.168.0.121:4444/ses..., se:cdpVersion: 133.0.3065.82, setWindowRect: true, strictFileInteractability: false, timeouts: {implicit: 0, pageLoad: 300000, script: 30000}, unhandledPromptBehavior: dismiss and notify, webauthn:extension:credBlob: true, webauthn:extension:largeBlob: true, webauthn:extension:minPinLength: true, webauthn:extension:prf: true, webauthn:virtualAuthenticators: true}&#10;Session ID: 672bf3c703ac296a969f300ff54a33c1"/>
  </testcase>
  <testcase name="testCompletePurchase" classname="testCases.TC05_CompletePurchase" time="8.679"/>
  <testcase name="testCompletePurchase" classname="testCases.TC05_CompletePurchase" time="6.635"/>
  <testcase name="testLaunchApplication" classname="testCases.TC01_LaunchApplication" time="0.044"/>
  <testcase name="testLaunchApplication" classname="testCases.TC01_LaunchApplication" time="0.048"/>
  <testcase name="testLaunchApplication" classname="testCases.TC01_LaunchApplication" time="0.139"/>
  <testcase name="testAddToWishList" classname="testCases.TC04_AddToWishList" time="0.0">
    <skipped message="Reached error page: about:neterror?e=connectionFailure&amp;u=https%3A//tutorialsninja.com/demo/index.php%3Froute%3Daccount/login&amp;c=UTF-8&amp;d=Firefox%20can%E2%80%99t%20establish%20a%20connection%20to%20the%20server%20at%20tutorialsninja.com.&#10;Build info: version: &apos;4.28.1&apos;, revision: &apos;73f5ad48a2&apos;&#10;System info: os.name: &apos;Windows 11&apos;, os.arch: &apos;amd64&apos;, os.version: &apos;10.0&apos;, java.version: &apos;23.0.1&apos;&#10;Driver info: org.openqa.selenium.remote.RemoteWebDriver&#10;Command: [0dc4cfac-077f-4109-86fe-e6e20a5e4de0, clickElement {id=b1ab7ea3-dfd2-43f2-8081-129f0e68a10b}]&#10;Capabilities {acceptInsecureCerts: true, browserName: firefox, browserVersion: 135.0.1, moz:accessibilityChecks: false, moz:buildID: 20250216192613, moz:debuggerAddress: 127.0.0.1:13641, moz:firefoxOptions: {binary: C:\Program Files\Mozilla Fi..., prefs: {remote.active-protocols: 3}}, moz:geckodriverVersion: 0.36.0, moz:headless: false, moz:platformVersion: 10.0, moz:processID: 7580, moz:profile: C:\Users\Deity\AppData\Loca..., moz:shutdownTimeout: 60000, moz:webdriverClick: true, moz:windowless: false, pageLoadStrategy: normal, platformName: Windows 11, proxy: Proxy(), se:bidiEnabled: false, se:cdp: ws://192.168.0.121:4444/ses..., se:cdpVersion: 85.0, setWindowRect: true, strictFileInteractability: false, timeouts: {implicit: 0, pageLoad: 300000, script: 30000}, unhandledPromptBehavior: dismiss and notify, userAgent: Mozilla/5.0 (Windows NT 10....}&#10;Element: [[RemoteWebDriver: firefox on Windows 11 (0dc4cfac-077f-4109-86fe-e6e20a5e4de0)] -&gt; xpath: //input[@value=&apos;Login&apos;]]&#10;Session ID: 0dc4cfac-077f-4109-86fe-e6e20a5e4de0"/>
  </testcase>
  <testcase name="testAddToWishList" classname="testCases.TC04_AddToWishList" time="0.0">
    <skipped message="Failed to convert data to an object&#10;Build info: version: &apos;4.28.1&apos;, revision: &apos;73f5ad48a2&apos;&#10;System info: os.name: &apos;Windows 11&apos;, os.arch: &apos;amd64&apos;, os.version: &apos;10.0&apos;, java.version: &apos;23.0.1&apos;&#10;Driver info: org.openqa.selenium.remote.RemoteWebDriver&#10;Command: [0dc4cfac-077f-4109-86fe-e6e20a5e4de0, findElement {using=xpath, value=//a[@title=&apos;My Account&apos;]}]&#10;Capabilities {acceptInsecureCerts: true, browserName: firefox, browserVersion: 135.0.1, moz:accessibilityChecks: false, moz:buildID: 20250216192613, moz:debuggerAddress: 127.0.0.1:13641, moz:firefoxOptions: {binary: C:\Program Files\Mozilla Fi..., prefs: {remote.active-protocols: 3}}, moz:geckodriverVersion: 0.36.0, moz:headless: false, moz:platformVersion: 10.0, moz:processID: 7580, moz:profile: C:\Users\Deity\AppData\Loca..., moz:shutdownTimeout: 60000, moz:webdriverClick: true, moz:windowless: false, pageLoadStrategy: normal, platformName: Windows 11, proxy: Proxy(), se:bidiEnabled: false, se:cdp: ws://192.168.0.121:4444/ses..., se:cdpVersion: 85.0, setWindowRect: true, strictFileInteractability: false, timeouts: {implicit: 0, pageLoad: 300000, script: 30000}, unhandledPromptBehavior: dismiss and notify, userAgent: Mozilla/5.0 (Windows NT 10....}&#10;Session ID: 0dc4cfac-077f-4109-86fe-e6e20a5e4de0"/>
  </testcase>
  <testcase name="testAddToWishList" classname="testCases.TC04_AddToWishList" time="0.0">
    <skipped message="Unexpected confirmEx dialog detected. Performed handler &quot;dismiss&quot;. Dialog text: To display this page, Firefox must send information that will repeat any action (such as a search or order confirmation) that was performed earlier.: To display this page, Firefox must send information that will repeat any action (such as a search or order confirmation) that was performed earlier.&#10;Build info: version: &apos;4.28.1&apos;, revision: &apos;73f5ad48a2&apos;&#10;System info: os.name: &apos;Windows 11&apos;, os.arch: &apos;amd64&apos;, os.version: &apos;10.0&apos;, java.version: &apos;23.0.1&apos;&#10;Driver info: org.openqa.selenium.remote.RemoteWebDriver&#10;Command: [0dc4cfac-077f-4109-86fe-e6e20a5e4de0, findElement {using=xpath, value=//a[@title=&apos;My Account&apos;]}]&#10;Capabilities {acceptInsecureCerts: true, browserName: firefox, browserVersion: 135.0.1, moz:accessibilityChecks: false, moz:buildID: 20250216192613, moz:debuggerAddress: 127.0.0.1:13641, moz:firefoxOptions: {binary: C:\Program Files\Mozilla Fi..., prefs: {remote.active-protocols: 3}}, moz:geckodriverVersion: 0.36.0, moz:headless: false, moz:platformVersion: 10.0, moz:processID: 7580, moz:profile: C:\Users\Deity\AppData\Loca..., moz:shutdownTimeout: 60000, moz:webdriverClick: true, moz:windowless: false, pageLoadStrategy: normal, platformName: Windows 11, proxy: Proxy(), se:bidiEnabled: false, se:cdp: ws://192.168.0.121:4444/ses..., se:cdpVersion: 85.0, setWindowRect: true, strictFileInteractability: false, timeouts: {implicit: 0, pageLoad: 300000, script: 30000}, unhandledPromptBehavior: dismiss and notify, userAgent: Mozilla/5.0 (Windows NT 10....}&#10;Session ID: 0dc4cfac-077f-4109-86fe-e6e20a5e4de0"/>
  </testcase>
  <testcase name="testAddToWishList" classname="testCases.TC04_AddToWishList" time="14.382">
    <failure message="TypeError: rect is undefined&#10;Build info: version: &apos;4.28.1&apos;, revision: &apos;73f5ad48a2&apos;&#10;System info: os.name: &apos;Windows 11&apos;, os.arch: &apos;amd64&apos;, os.version: &apos;10.0&apos;, java.version: &apos;23.0.1&apos;&#10;Driver info: org.openqa.selenium.remote.RemoteWebDriver&#10;Command: [0dc4cfac-077f-4109-86fe-e6e20a5e4de0, screenshot {}]&#10;Capabilities {acceptInsecureCerts: true, browserName: firefox, browserVersion: 135.0.1, moz:accessibilityChecks: false, moz:buildID: 20250216192613, moz:debuggerAddress: 127.0.0.1:13641, moz:firefoxOptions: {binary: C:\Program Files\Mozilla Fi..., prefs: {remote.active-protocols: 3}}, moz:geckodriverVersion: 0.36.0, moz:headless: false, moz:platformVersion: 10.0, moz:processID: 7580, moz:profile: C:\Users\Deity\AppData\Loca..., moz:shutdownTimeout: 60000, moz:webdriverClick: true, moz:windowless: false, pageLoadStrategy: normal, platformName: Windows 11, proxy: Proxy(), se:bidiEnabled: false, se:cdp: ws://192.168.0.121:4444/ses..., se:cdpVersion: 85.0, setWindowRect: true, strictFileInteractability: false, timeouts: {implicit: 0, pageLoad: 300000, script: 30000}, unhandledPromptBehavior: dismiss and notify, userAgent: Mozilla/5.0 (Windows NT 10....}&#10;Session ID: 0dc4cfac-077f-4109-86fe-e6e20a5e4de0" type="org.openqa.selenium.WebDriverException"><![CDATA[org.openqa.selenium.WebDriverException: 
TypeError: rect is undefined
Build info: version: '4.28.1', revision: '73f5ad48a2'
System info: os.name: 'Windows 11', os.arch: 'amd64', os.version: '10.0', java.version: '23.0.1'
Driver info: org.openqa.selenium.remote.RemoteWebDriver
Command: [0dc4cfac-077f-4109-86fe-e6e20a5e4de0, screenshot {}]
Capabilities {acceptInsecureCerts: true, browserName: firefox, browserVersion: 135.0.1, moz:accessibilityChecks: false, moz:buildID: 20250216192613, moz:debuggerAddress: 127.0.0.1:13641, moz:firefoxOptions: {binary: C:\Program Files\Mozilla Fi..., prefs: {remote.active-protocols: 3}}, moz:geckodriverVersion: 0.36.0, moz:headless: false, moz:platformVersion: 10.0, moz:processID: 7580, moz:profile: C:\Users\Deity\AppData\Loca..., moz:shutdownTimeout: 60000, moz:webdriverClick: true, moz:windowless: false, pageLoadStrategy: normal, platformName: Windows 11, proxy: Proxy(), se:bidiEnabled: false, se:cdp: ws://192.168.0.121:4444/ses..., se:cdpVersion: 85.0, setWindowRect: true, strictFileInteractability: false, timeouts: {implicit: 0, pageLoad: 300000, script: 30000}, unhandledPromptBehavior: dismiss and notify, userAgent: Mozilla/5.0 (Windows NT 10....}
Session ID: 0dc4cfac-077f-4109-86fe-e6e20a5e4de0
	at java.base/jdk.internal.reflect.DirectConstructorHandleAccessor.newInstance(DirectConstructorHandleAccessor.java:62)
	at java.base/java.lang.reflect.Constructor.newInstanceWithCaller(Constructor.java:501)
	at java.base/java.lang.reflect.Constructor.newInstance(Constructor.java:485)
	at org.openqa.selenium.remote.ErrorCodec.decode(ErrorCodec.java:167)
	at org.openqa.selenium.remote.codec.w3c.W3CHttpResponseCodec.decode(W3CHttpResponseCodec.java:138)
	at org.openqa.selenium.remote.codec.w3c.W3CHttpResponseCodec.decode(W3CHttpResponseCodec.java:50)
	at org.openqa.selenium.remote.HttpCommandExecutor.execute(HttpCommandExecutor.java:215)
	at org.openqa.selenium.remote.TracedCommandExecutor.execute(TracedCommandExecutor.java:53)
	at org.openqa.selenium.remote.RemoteWebDriver.execute(RemoteWebDriver.java:545)
	at org.openqa.selenium.remote.RemoteWebDriver.execute(RemoteWebDriver.java:618)
	at org.openqa.selenium.remote.RemoteWebDriver.execute(RemoteWebDriver.java:622)
	at org.openqa.selenium.remote.RemoteWebDriver.getScreenshotAs(RemoteWebDriver.java:334)
	at testBase.BaseClass.captureScreen(BaseClass.java:154)
	at utilities.ExtentReportManager.onTestFailure(ExtentReportManager.java:88)
	at org.testng.internal.TestListenerHelper.runTestListeners(TestListenerHelper.java:115)
	at org.testng.internal.invokers.TestInvoker.runTestResultListener(TestInvoker.java:285)
	at org.testng.internal.invokers.TestInvoker.invokeMethod(TestInvoker.java:774)
	at org.testng.internal.invokers.TestInvoker.retryFailed(TestInvoker.java:269)
	at org.testng.internal.invokers.MethodRunner.runInSequence(MethodRunner.java:76)
	at org.testng.internal.invokers.TestInvoker$MethodInvocationAgent.invoke(TestInvoker.java:992)
	at org.testng.internal.invokers.TestInvoker.invokeTestMethods(TestInvoker.java:203)
	at org.testng.internal.invokers.TestMethodWorker.invokeTestMethods(TestMethodWorker.java:154)
	at org.testng.internal.invokers.TestMethodWorker.run(TestMethodWorker.java:134)
	at java.base/java.util.ArrayList.forEach(ArrayList.java:1597)
	at org.testng.TestRunner.privateRun(TestRunner.java:739)
	at org.testng.TestRunner.run(TestRunner.java:614)
	at org.testng.SuiteRunner.runTest(SuiteRunner.java:421)
	at org.testng.SuiteRunner$SuiteWorker.run(SuiteRunner.java:463)
	at org.testng.internal.thread.ThreadUtil.lambda$execute$0(ThreadUtil.java:64)
	at java.base/java.util.concurrent.FutureTask.run(FutureTask.java:317)
	at java.base/java.util.concurrent.ThreadPoolExecutor.runWorker(ThreadPoolExecutor.java:1144)
	at java.base/java.util.concurrent.ThreadPoolExecutor$Worker.run(ThreadPoolExecutor.java:642)
	at java.base/java.lang.Thread.run(Thread.java:1575)
]]></failure>
  </testcase>
  <testcase name="testAddToWishList" classname="testCases.TC04_AddToWishList" time="26.749"/>
  <testcase name="testAddToWishList" classname="testCases.TC04_AddToWishList" time="51.749"/>
  <testcase name="testLogin[ma12345678@gmail.com, L0ve$elenium](1)" classname="testCases.TC02_Login" time="0.0">
    <skipped message="Test failed due to exception: Cannot invoke &quot;org.openqa.selenium.SearchContext.findElement(org.openqa.selenium.By)&quot; because &quot;this.searchContext&quot; is null"/>
  </testcase>
  <testcase name="testLogin[ma12345678@gmail.com, L0ve$elenium](1)" classname="testCases.TC02_Login" time="75.139"/>
  <testcase name="testLogin[ma12345678@gmail.com, L0ve$elenium](1)" classname="testCases.TC02_Login" time="40.41"/>
  <testcase name="testLogin[ma12345678@gmail.com, L0ve$elenium](2)" classname="testCases.TC02_Login" time="0.0">
    <skipped message="Test failed due to exception: Cannot invoke &quot;org.openqa.selenium.SearchContext.findElement(org.openqa.selenium.By)&quot; because &quot;this.searchContext&quot; is null"/>
  </testcase>
  <testcase name="testLogin[ma12345678@gmail.com, L0ve$elenium](3)" classname="testCases.TC02_Login" time="0.0">
    <skipped message="Test failed due to exception: Cannot invoke &quot;org.openqa.selenium.SearchContext.findElement(org.openqa.selenium.By)&quot; because &quot;this.searchContext&quot; is null"/>
  </testcase>
  <testcase name="testLogin[goodmorning@gmail.com, test@1234](2)" classname="testCases.TC02_Login" time="4.986"/>
  <testcase name="testLogin[goodmorning@gmail.com, test@1234](2)" classname="testCases.TC02_Login" time="0.0">
    <skipped message="Test failed due to exception: no such element: Unable to locate element: {&quot;method&quot;:&quot;xpath&quot;,&quot;selector&quot;:&quot;//a[@title=&apos;My Account&apos;]&quot;}&#10;  (Session info: chrome=133.0.6943.142)&#10;For documentation on this error, please visit: https://www.selenium.dev/documentation/webdriver/troubleshooting/errors#no-such-element-exception&#10;Build info: version: &apos;4.28.1&apos;, revision: &apos;73f5ad48a2&apos;&#10;System info: os.name: &apos;Windows 11&apos;, os.arch: &apos;amd64&apos;, os.version: &apos;10.0&apos;, java.version: &apos;23.0.1&apos;&#10;Driver info: org.openqa.selenium.remote.RemoteWebDriver&#10;Command: [2aeb3d3bd6cf53e14698f9ca7917db8f, findElement {using=xpath, value=//a[@title=&apos;My Account&apos;]}]&#10;Capabilities {acceptInsecureCerts: false, browserName: chrome, browserVersion: 133.0.6943.142, chrome: {chromedriverVersion: 133.0.6943.141 (2a5d6da0d61..., userDataDir: C:\Users\Deity\AppData\Loca...}, fedcm:accounts: true, goog:chromeOptions: {debuggerAddress: localhost:64528}, networkConnectionEnabled: false, pageLoadStrategy: normal, platformName: Windows 11, proxy: Proxy(), se:bidiEnabled: false, se:cdp: ws://192.168.0.121:4444/ses..., se:cdpVersion: 133.0.6943.142, setWindowRect: true, strictFileInteractability: false, timeouts: {implicit: 0, pageLoad: 300000, script: 30000}, unhandledPromptBehavior: dismiss and notify, webauthn:extension:credBlob: true, webauthn:extension:largeBlob: true, webauthn:extension:minPinLength: true, webauthn:extension:prf: true, webauthn:virtualAuthenticators: true}&#10;Session ID: 2aeb3d3bd6cf53e14698f9ca7917db8f"/>
  </testcase>
  <testcase name="testLogin[test121@test.com, test123](3)" classname="testCases.TC02_Login" time="4.576"/>
  <testcase name="testLogin[sid@cloudberry.services, Test123](4)" classname="testCases.TC02_Login" time="4.515"/>
  <testcase name="testLogin[otisdog22@yahoo.com, 1234QWERT](5)" classname="testCases.TC02_Login" time="2.678"/>
  <testcase name="testLogin[shalaka.dongre@gmail.com, Test123!](6)" classname="testCases.TC02_Login" time="2.723"/>
  <testcase name="testLogin[goodmorning@gmail.com, test@1234](3)" classname="testCases.TC02_Login" time="0.0">
    <skipped message="Test failed due to exception: no such element: Unable to locate element: {&quot;method&quot;:&quot;xpath&quot;,&quot;selector&quot;:&quot;//a[@title=&apos;My Account&apos;]&quot;}&#10;  (Session info: chrome=133.0.6943.142)&#10;For documentation on this error, please visit: https://www.selenium.dev/documentation/webdriver/troubleshooting/errors#no-such-element-exception&#10;Build info: version: &apos;4.28.1&apos;, revision: &apos;73f5ad48a2&apos;&#10;System info: os.name: &apos;Windows 11&apos;, os.arch: &apos;amd64&apos;, os.version: &apos;10.0&apos;, java.version: &apos;23.0.1&apos;&#10;Driver info: org.openqa.selenium.remote.RemoteWebDriver&#10;Command: [2aeb3d3bd6cf53e14698f9ca7917db8f, findElement {using=xpath, value=//a[@title=&apos;My Account&apos;]}]&#10;Capabilities {acceptInsecureCerts: false, browserName: chrome, browserVersion: 133.0.6943.142, chrome: {chromedriverVersion: 133.0.6943.141 (2a5d6da0d61..., userDataDir: C:\Users\Deity\AppData\Loca...}, fedcm:accounts: true, goog:chromeOptions: {debuggerAddress: localhost:64528}, networkConnectionEnabled: false, pageLoadStrategy: normal, platformName: Windows 11, proxy: Proxy(), se:bidiEnabled: false, se:cdp: ws://192.168.0.121:4444/ses..., se:cdpVersion: 133.0.6943.142, setWindowRect: true, strictFileInteractability: false, timeouts: {implicit: 0, pageLoad: 300000, script: 30000}, unhandledPromptBehavior: dismiss and notify, webauthn:extension:credBlob: true, webauthn:extension:largeBlob: true, webauthn:extension:minPinLength: true, webauthn:extension:prf: true, webauthn:virtualAuthenticators: true}&#10;Session ID: 2aeb3d3bd6cf53e14698f9ca7917db8f"/>
  </testcase>
  <testcase name="testLogin[goodmorning@gmail.com, test@1234](4)" classname="testCases.TC02_Login" time="0.0">
    <skipped message="Test failed due to exception: no such element: Unable to locate element: {&quot;method&quot;:&quot;xpath&quot;,&quot;selector&quot;:&quot;//a[@title=&apos;My Account&apos;]&quot;}&#10;  (Session info: chrome=133.0.6943.142)&#10;For documentation on this error, please visit: https://www.selenium.dev/documentation/webdriver/troubleshooting/errors#no-such-element-exception&#10;Build info: version: &apos;4.28.1&apos;, revision: &apos;73f5ad48a2&apos;&#10;System info: os.name: &apos;Windows 11&apos;, os.arch: &apos;amd64&apos;, os.version: &apos;10.0&apos;, java.version: &apos;23.0.1&apos;&#10;Driver info: org.openqa.selenium.remote.RemoteWebDriver&#10;Command: [2aeb3d3bd6cf53e14698f9ca7917db8f, findElement {using=xpath, value=//a[@title=&apos;My Account&apos;]}]&#10;Capabilities {acceptInsecureCerts: false, browserName: chrome, browserVersion: 133.0.6943.142, chrome: {chromedriverVersion: 133.0.6943.141 (2a5d6da0d61..., userDataDir: C:\Users\Deity\AppData\Loca...}, fedcm:accounts: true, goog:chromeOptions: {debuggerAddress: localhost:64528}, networkConnectionEnabled: false, pageLoadStrategy: normal, platformName: Windows 11, proxy: Proxy(), se:bidiEnabled: false, se:cdp: ws://192.168.0.121:4444/ses..., se:cdpVersion: 133.0.6943.142, setWindowRect: true, strictFileInteractability: false, timeouts: {implicit: 0, pageLoad: 300000, script: 30000}, unhandledPromptBehavior: dismiss and notify, webauthn:extension:credBlob: true, webauthn:extension:largeBlob: true, webauthn:extension:minPinLength: true, webauthn:extension:prf: true, webauthn:virtualAuthenticators: true}&#10;Session ID: 2aeb3d3bd6cf53e14698f9ca7917db8f"/>
  </testcase>
  <testcase name="testLogin[goodmorning@gmail.com, test@1234](5)" classname="testCases.TC02_Login" time="60.301">
    <failure message="Test failed due to exception: no such element: Unable to locate element: {&quot;method&quot;:&quot;xpath&quot;,&quot;selector&quot;:&quot;//a[@title=&apos;My Account&apos;]&quot;}&#10;  (Session info: chrome=133.0.6943.142)&#10;For documentation on this error, please visit: https://www.selenium.dev/documentation/webdriver/troubleshooting/errors#no-such-element-exception&#10;Build info: version: &apos;4.28.1&apos;, revision: &apos;73f5ad48a2&apos;&#10;System info: os.name: &apos;Windows 11&apos;, os.arch: &apos;amd64&apos;, os.version: &apos;10.0&apos;, java.version: &apos;23.0.1&apos;&#10;Driver info: org.openqa.selenium.remote.RemoteWebDriver&#10;Command: [2aeb3d3bd6cf53e14698f9ca7917db8f, findElement {using=xpath, value=//a[@title=&apos;My Account&apos;]}]&#10;Capabilities {acceptInsecureCerts: false, browserName: chrome, browserVersion: 133.0.6943.142, chrome: {chromedriverVersion: 133.0.6943.141 (2a5d6da0d61..., userDataDir: C:\Users\Deity\AppData\Loca...}, fedcm:accounts: true, goog:chromeOptions: {debuggerAddress: localhost:64528}, networkConnectionEnabled: false, pageLoadStrategy: normal, platformName: Windows 11, proxy: Proxy(), se:bidiEnabled: false, se:cdp: ws://192.168.0.121:4444/ses..., se:cdpVersion: 133.0.6943.142, setWindowRect: true, strictFileInteractability: false, timeouts: {implicit: 0, pageLoad: 300000, script: 30000}, unhandledPromptBehavior: dismiss and notify, webauthn:extension:credBlob: true, webauthn:extension:largeBlob: true, webauthn:extension:minPinLength: true, webauthn:extension:prf: true, webauthn:virtualAuthenticators: true}&#10;Session ID: 2aeb3d3bd6cf53e14698f9ca7917db8f" type="java.lang.AssertionError"><![CDATA[java.lang.AssertionError: 
Test failed due to exception: no such element: Unable to locate element: {"method":"xpath","selector":"//a[@title='My Account']"}
  (Session info: chrome=133.0.6943.142)
For documentation on this error, please visit: https://www.selenium.dev/documentation/webdriver/troubleshooting/errors#no-such-element-exception
Build info: version: '4.28.1', revision: '73f5ad48a2'
System info: os.name: 'Windows 11', os.arch: 'amd64', os.version: '10.0', java.version: '23.0.1'
Driver info: org.openqa.selenium.remote.RemoteWebDriver
Command: [2aeb3d3bd6cf53e14698f9ca7917db8f, findElement {using=xpath, value=//a[@title='My Account']}]
Capabilities {acceptInsecureCerts: false, browserName: chrome, browserVersion: 133.0.6943.142, chrome: {chromedriverVersion: 133.0.6943.141 (2a5d6da0d61..., userDataDir: C:\Users\Deity\AppData\Loca...}, fedcm:accounts: true, goog:chromeOptions: {debuggerAddress: localhost:64528}, networkConnectionEnabled: false, pageLoadStrategy: normal, platformName: Windows 11, proxy: Proxy(), se:bidiEnabled: false, se:cdp: ws://192.168.0.121:4444/ses..., se:cdpVersion: 133.0.6943.142, setWindowRect: true, strictFileInteractability: false, timeouts: {implicit: 0, pageLoad: 300000, script: 30000}, unhandledPromptBehavior: dismiss and notify, webauthn:extension:credBlob: true, webauthn:extension:largeBlob: true, webauthn:extension:minPinLength: true, webauthn:extension:prf: true, webauthn:virtualAuthenticators: true}
Session ID: 2aeb3d3bd6cf53e14698f9ca7917db8f
	at org.testng.Assert.fail(Assert.java:111)
	at testCases.TC02_Login.testLogin(TC02_Login.java:71)
	at java.base/jdk.internal.reflect.DirectMethodHandleAccessor.invoke(DirectMethodHandleAccessor.java:103)
	at java.base/java.lang.reflect.Method.invoke(Method.java:580)
	at org.testng.internal.invokers.MethodInvocationHelper.invokeMethod(MethodInvocationHelper.java:141)
	at org.testng.internal.invokers.TestInvoker.invokeMethod(TestInvoker.java:686)
	at org.testng.internal.invokers.TestInvoker.retryFailed(TestInvoker.java:269)
	at org.testng.internal.invokers.MethodRunner.runInSequence(MethodRunner.java:76)
	at org.testng.internal.invokers.TestInvoker$MethodInvocationAgent.invoke(TestInvoker.java:992)
	at org.testng.internal.invokers.TestInvoker.invokeTestMethods(TestInvoker.java:203)
	at org.testng.internal.invokers.TestMethodWorker.invokeTestMethods(TestMethodWorker.java:154)
	at org.testng.internal.invokers.TestMethodWorker.run(TestMethodWorker.java:134)
	at java.base/java.util.ArrayList.forEach(ArrayList.java:1597)
	at org.testng.TestRunner.privateRun(TestRunner.java:739)
	at org.testng.TestRunner.run(TestRunner.java:614)
	at org.testng.SuiteRunner.runTest(SuiteRunner.java:421)
	at org.testng.SuiteRunner$SuiteWorker.run(SuiteRunner.java:463)
	at org.testng.internal.thread.ThreadUtil.lambda$execute$0(ThreadUtil.java:64)
	at java.base/java.util.concurrent.FutureTask.run(FutureTask.java:317)
	at java.base/java.util.concurrent.ThreadPoolExecutor.runWorker(ThreadPoolExecutor.java:1144)
	at java.base/java.util.concurrent.ThreadPoolExecutor$Worker.run(ThreadPoolExecutor.java:642)
	at java.base/java.lang.Thread.run(Thread.java:1575)
]]></failure>
  </testcase>
  <testcase name="testLogin[test121@test.com, test123](6)" classname="testCases.TC02_Login" time="10.28"/>
  <testcase name="testLogin[sid@cloudberry.services, Test123](7)" classname="testCases.TC02_Login" time="2.687"/>
  <testcase name="testLogin[otisdog22@yahoo.com, 1234QWERT](8)" classname="testCases.TC02_Login" time="3.819"/>
  <testcase name="testLogin[shalaka.dongre@gmail.com, Test123!](9)" classname="testCases.TC02_Login" time="3.048"/>
</testsuite>