<?xml version="1.0" encoding="UTF-8"?>
<!-- Generated by org.testng.reporters.JUnitReportReporter -->
<testsuite hostname="DESKTOP-PUERUUQ" failures="0" tests="3" name="testCases.TC01_LaunchApplication" time="0.242" errors="0" timestamp="2025-02-19T12:51:05 CST" skipped="0">
  <testcase classname="testCases.TC01_LaunchApplication" name="testLaunchApplication" time="0.163"/>
  <testcase classname="testCases.TC01_LaunchApplication" name="testLaunchApplication" time="0.043"/>
  <testcase classname="testCases.TC01_LaunchApplication" name="testLaunchApplication" time="0.036"/>
</testsuite> <!-- testCases.TC01_LaunchApplication -->
