<?xml version="1.0" encoding="UTF-8"?>
<!-- Generated by org.testng.reporters.JUnitReportReporter -->
<testsuite hostname="DESKTOP-PUERUUQ" failures="0" tests="3" name="testCases.TC03_AddToCart" time="78.176" errors="0" timestamp="2025-02-19T12:51:05 CST" skipped="0">
  <testcase classname="testCases.TC03_AddToCart" name="testAddToCart" time="15.815"/>
  <testcase classname="testCases.TC03_AddToCart" name="testAddToCart" time="58.693"/>
  <testcase classname="testCases.TC03_AddToCart" name="testAddToCart" time="3.668"/>
</testsuite> <!-- testCases.TC03_AddToCart -->
