<?xml version="1.0" encoding="UTF-8"?>
<!-- Generated by org.testng.reporters.JUnitReportReporter -->
<testsuite hostname="DESKTOP-PUERUUQ" failures="0" tests="3" name="testCases.TC06_PurchaseGiftCertificate" time="19.493" errors="0" timestamp="2025-02-19T12:51:05 CST" skipped="0">
  <testcase classname="testCases.TC06_PurchaseGiftCertificate" name="testPurchaseGiftCertificate" time="5.807"/>
  <testcase classname="testCases.TC06_PurchaseGiftCertificate" name="testPurchaseGiftCertificate" time="3.987"/>
  <testcase classname="testCases.TC06_PurchaseGiftCertificate" name="testPurchaseGiftCertificate" time="9.699"/>
</testsuite> <!-- testCases.TC06_PurchaseGiftCertificate -->
